MOFED version '4.9-2.2.6' not available in this container.
No matching alternate version found.
wandb: Currently logged in as: nigelnel (nigel_nelson). Use `wandb login --relogin` to force relogin
Starting process with rank 0...
['dh-dgx1-3']
route 1
Master Add: dh-dgx1-3
Process 0 is connected.
All processes are connected.
wandb: wandb version 0.14.0 is available!  To upgrade, please run:
wandb:  $ pip install wandb --upgrade
wandb: Tracking run with wandb version 0.13.10
wandb: Run data is saved locally in /home/nelsonni/laviolette/segmenter/wandb/run-20230320_175034-4r2kqe4j
wandb: Run `wandb offline` to turn off syncing.
wandb: Syncing run dauntless-terrain-45
wandb: ⭐️ View project at https://wandb.ai/nigel_nelson/segmenter_training
wandb: 🚀 View run at https://wandb.ai/nigel_nelson/segmenter_training/runs/4r2kqe4j
here
Skipping /data/ur/bukowy/LaViolette_Data/Prostates/1107/10
'NoneType' object has no attribute 'shape'
Skipping /data/ur/bukowy/LaViolette_Data/Prostates/1107/11
'NoneType' object has no attribute 'shape'
Skipping /data/ur/bukowy/LaViolette_Data/Prostates/1107/12
'NoneType' object has no attribute 'shape'
Skipping /data/ur/bukowy/LaViolette_Data/Prostates/1107/13
'NoneType' object has no attribute 'shape'
Skipping /data/ur/bukowy/LaViolette_Data/Prostates/1107/5
'NoneType' object has no attribute 'shape'
Skipping /data/ur/bukowy/LaViolette_Data/Prostates/1107/6
'NoneType' object has no attribute 'shape'
Skipping /data/ur/bukowy/LaViolette_Data/Prostates/1107/7
'NoneType' object has no attribute 'shape'
Skipping /data/ur/bukowy/LaViolette_Data/Prostates/1107/8
'NoneType' object has no attribute 'shape'
Skipping /data/ur/bukowy/LaViolette_Data/Prostates/1111/9
'NoneType' object has no attribute 'shape'
Skipping /data/ur/bukowy/LaViolette_Data/Prostates/1111/7
'NoneType' object has no attribute 'shape'
Skipping /data/ur/bukowy/LaViolette_Data/Prostates/1111/5
'NoneType' object has no attribute 'shape'
Skipping /data/ur/bukowy/LaViolette_Data/Prostates/1118/6
'NoneType' object has no attribute 'shape'
Skipping /data/ur/bukowy/LaViolette_Data/Prostates/1118/15
'NoneType' object has no attribute 'shape'
Skipping /data/ur/bukowy/LaViolette_Data/Prostates/1118/12
'NoneType' object has no attribute 'shape'
Skipping /data/ur/bukowy/LaViolette_Data/Prostates/1118/13
'NoneType' object has no attribute 'shape'
Skipping /data/ur/bukowy/LaViolette_Data/Prostates/1118/14
'NoneType' object has no attribute 'shape'
Skipping /data/ur/bukowy/LaViolette_Data/Prostates/1121/6
'NoneType' object has no attribute 'shape'
Skipping /data/ur/bukowy/LaViolette_Data/Prostates/1123/11
'NoneType' object has no attribute 'shape'
Skipping /data/ur/bukowy/LaViolette_Data/Prostates/1123/12
'NoneType' object has no attribute 'shape'
Skipping /data/ur/bukowy/LaViolette_Data/Prostates/1123/5
'NoneType' object has no attribute 'shape'
Skipping /data/ur/bukowy/LaViolette_Data/Prostates/1123/6
'NoneType' object has no attribute 'shape'
Skipping /data/ur/bukowy/LaViolette_Data/Prostates/1124/13
'NoneType' object has no attribute 'shape'
Skipping /data/ur/bukowy/LaViolette_Data/Prostates/1124/5
'NoneType' object has no attribute 'shape'
Skipping /data/ur/bukowy/LaViolette_Data/Prostates/1125/12
'NoneType' object has no attribute 'shape'
Skipping /data/ur/bukowy/LaViolette_Data/Prostates/1125/5
'NoneType' object has no attribute 'shape'
Skipping /data/ur/bukowy/LaViolette_Data/Prostates/1125/6
'NoneType' object has no attribute 'shape'
Skipping /data/ur/bukowy/LaViolette_Data/Prostates/1128/13
'NoneType' object has no attribute 'shape'
Skipping /data/ur/bukowy/LaViolette_Data/Prostates/1128/14
'NoneType' object has no attribute 'shape'
Skipping /data/ur/bukowy/LaViolette_Data/Prostates/1128/6
'NoneType' object has no attribute 'shape'
Skipping /data/ur/bukowy/LaViolette_Data/Prostates/1129/10
'NoneType' object has no attribute 'shape'
Skipping /data/ur/bukowy/LaViolette_Data/Prostates/1129/11
'NoneType' object has no attribute 'shape'
Skipping /data/ur/bukowy/LaViolette_Data/Prostates/1129/5
'NoneType' object has no attribute 'shape'
Skipping /data/ur/bukowy/LaViolette_Data/Prostates/1129/6
'NoneType' object has no attribute 'shape'
Skipping /data/ur/bukowy/LaViolette_Data/Prostates/1129/7
'NoneType' object has no attribute 'shape'
Skipping /data/ur/bukowy/LaViolette_Data/Prostates/1131/10
'NoneType' object has no attribute 'shape'
Skipping /data/ur/bukowy/LaViolette_Data/Prostates/1131/11
'NoneType' object has no attribute 'shape'
Skipping /data/ur/bukowy/LaViolette_Data/Prostates/1131/9
'NoneType' object has no attribute 'shape'
Skipping /data/ur/bukowy/LaViolette_Data/Prostates/1132/11
'NoneType' object has no attribute 'shape'
Skipping /data/ur/bukowy/LaViolette_Data/Prostates/1132/13
'NoneType' object has no attribute 'shape'
Skipping /data/ur/bukowy/LaViolette_Data/Prostates/1132/14
'NoneType' object has no attribute 'shape'
Skipping /data/ur/bukowy/LaViolette_Data/Prostates/1134/10
'NoneType' object has no attribute 'shape'
Skipping /data/ur/bukowy/LaViolette_Data/Prostates/1134/7
'NoneType' object has no attribute 'shape'
Skipping /data/ur/bukowy/LaViolette_Data/Prostates/1134/8
'NoneType' object has no attribute 'shape'
Skipping /data/ur/bukowy/LaViolette_Data/Prostates/1134/9
'NoneType' object has no attribute 'shape'
Skipping /data/ur/bukowy/LaViolette_Data/Prostates/1136/10
'NoneType' object has no attribute 'shape'
Skipping /data/ur/bukowy/LaViolette_Data/Prostates/1136/11
'NoneType' object has no attribute 'shape'
Skipping /data/ur/bukowy/LaViolette_Data/Prostates/1136/12
'NoneType' object has no attribute 'shape'
Skipping /data/ur/bukowy/LaViolette_Data/Prostates/1136/13
'NoneType' object has no attribute 'shape'
Skipping /data/ur/bukowy/LaViolette_Data/Prostates/1136/14
'NoneType' object has no attribute 'shape'
Skipping /data/ur/bukowy/LaViolette_Data/Prostates/1136/15
'NoneType' object has no attribute 'shape'
Skipping /data/ur/bukowy/LaViolette_Data/Prostates/1136/7
'NoneType' object has no attribute 'shape'
Skipping /data/ur/bukowy/LaViolette_Data/Prostates/1137/10
'NoneType' object has no attribute 'shape'
Skipping /data/ur/bukowy/LaViolette_Data/Prostates/1137/11
'NoneType' object has no attribute 'shape'
Skipping /data/ur/bukowy/LaViolette_Data/Prostates/1137/5
'NoneType' object has no attribute 'shape'
Skipping /data/ur/bukowy/LaViolette_Data/Prostates/1138/10
'NoneType' object has no attribute 'shape'
Skipping /data/ur/bukowy/LaViolette_Data/Prostates/1138/6
'NoneType' object has no attribute 'shape'
Skipping /data/ur/bukowy/LaViolette_Data/Prostates/1138/7
'NoneType' object has no attribute 'shape'
Skipping /data/ur/bukowy/LaViolette_Data/Prostates/1138/8
'NoneType' object has no attribute 'shape'
Skipping /data/ur/bukowy/LaViolette_Data/Prostates/1138/9
'NoneType' object has no attribute 'shape'
Skipping /data/ur/bukowy/LaViolette_Data/Prostates/1140/14
'NoneType' object has no attribute 'shape'
Skipping /data/ur/bukowy/LaViolette_Data/Prostates/1140/15
'NoneType' object has no attribute 'shape'
Skipping /data/ur/bukowy/LaViolette_Data/Prostates/1140/16
'NoneType' object has no attribute 'shape'
Skipping /data/ur/bukowy/LaViolette_Data/Prostates/1140/17
'NoneType' object has no attribute 'shape'
Skipping /data/ur/bukowy/LaViolette_Data/Prostates/1141/10
'NoneType' object has no attribute 'shape'
Skipping /data/ur/bukowy/LaViolette_Data/Prostates/1141/11
'NoneType' object has no attribute 'shape'
Skipping /data/ur/bukowy/LaViolette_Data/Prostates/1141/12
'NoneType' object has no attribute 'shape'
Skipping /data/ur/bukowy/LaViolette_Data/Prostates/1141/9
'NoneType' object has no attribute 'shape'
Skipping /data/ur/bukowy/LaViolette_Data/Prostates/1142/5
'NoneType' object has no attribute 'shape'
Skipping /data/ur/bukowy/LaViolette_Data/Prostates/1147/15
'NoneType' object has no attribute 'shape'
Skipping /data/ur/bukowy/LaViolette_Data/Prostates/1147/5
'NoneType' object has no attribute 'shape'
Skipping /data/ur/bukowy/LaViolette_Data/Prostates/1148/10
'NoneType' object has no attribute 'shape'
Skipping /data/ur/bukowy/LaViolette_Data/Prostates/1148/11
'NoneType' object has no attribute 'shape'
Skipping /data/ur/bukowy/LaViolette_Data/Prostates/1148/12
'NoneType' object has no attribute 'shape'
Skipping /data/ur/bukowy/LaViolette_Data/Prostates/1154/14
'NoneType' object has no attribute 'shape'
Skipping /data/ur/bukowy/LaViolette_Data/Prostates/1154/15
'NoneType' object has no attribute 'shape'
Skipping /data/ur/bukowy/LaViolette_Data/Prostates/1154/5
'NoneType' object has no attribute 'shape'
Skipping /data/ur/bukowy/LaViolette_Data/Prostates/1154/6
'NoneType' object has no attribute 'shape'
Skipping /data/ur/bukowy/LaViolette_Data/Prostates/1155/13
'NoneType' object has no attribute 'shape'
Skipping /data/ur/bukowy/LaViolette_Data/Prostates/1155/14
'NoneType' object has no attribute 'shape'
Skipping /data/ur/bukowy/LaViolette_Data/Prostates/1158/13
'NoneType' object has no attribute 'shape'
Skipping /data/ur/bukowy/LaViolette_Data/Prostates/1158/15
'NoneType' object has no attribute 'shape'
Skipping /data/ur/bukowy/LaViolette_Data/Prostates/1159/12
'NoneType' object has no attribute 'shape'
Skipping /data/ur/bukowy/LaViolette_Data/Prostates/1159/13
'NoneType' object has no attribute 'shape'
Skipping /data/ur/bukowy/LaViolette_Data/Prostates/1159/14
'NoneType' object has no attribute 'shape'
Skipping /data/ur/bukowy/LaViolette_Data/Prostates/1187/12
'NoneType' object has no attribute 'shape'
Skipping /data/ur/bukowy/LaViolette_Data/Prostates/1187/13
'NoneType' object has no attribute 'shape'
Skipping /data/ur/bukowy/LaViolette_Data/Prostates/1188/14
'NoneType' object has no attribute 'shape'
Skipping /data/ur/bukowy/LaViolette_Data/Prostates/1188/8
'NoneType' object has no attribute 'shape'
Skipping /data/ur/bukowy/LaViolette_Data/Prostates/1188/9
'NoneType' object has no attribute 'shape'
Skipping /data/ur/bukowy/LaViolette_Data/Prostates/1191/19
'NoneType' object has no attribute 'shape'
Skipping /data/ur/bukowy/LaViolette_Data/Prostates/1191/9
'NoneType' object has no attribute 'shape'
Skipping /data/ur/bukowy/LaViolette_Data/Prostates/1200/15
'NoneType' object has no attribute 'shape'
Skipping /data/ur/bukowy/LaViolette_Data/Prostates/1200/16
'NoneType' object has no attribute 'shape'
Skipping /data/ur/bukowy/LaViolette_Data/Prostates/1203/10
'NoneType' object has no attribute 'shape'
Skipping /data/ur/bukowy/LaViolette_Data/Prostates/1204/10
'NoneType' object has no attribute 'shape'
Skipping /data/ur/bukowy/LaViolette_Data/Prostates/1204/19
'NoneType' object has no attribute 'shape'
Skipping /data/ur/bukowy/LaViolette_Data/Prostates/1204/8
'NoneType' object has no attribute 'shape'
Skipping /data/ur/bukowy/LaViolette_Data/Prostates/1204/9
'NoneType' object has no attribute 'shape'
Skipping /data/ur/bukowy/LaViolette_Data/Prostates/1149/10
'NoneType' object has no attribute 'shape'
Skipping /data/ur/bukowy/LaViolette_Data/Prostates/1149/11
'NoneType' object has no attribute 'shape'
Skipping /data/ur/bukowy/LaViolette_Data/Prostates/1149/12
'NoneType' object has no attribute 'shape'
Skipping /data/ur/bukowy/LaViolette_Data/Prostates/1149/13
'NoneType' object has no attribute 'shape'
Skipping /data/ur/bukowy/LaViolette_Data/Prostates/1149/5
'NoneType' object has no attribute 'shape'
Skipping /data/ur/bukowy/LaViolette_Data/Prostates/1149/6
'NoneType' object has no attribute 'shape'
Skipping /data/ur/bukowy/LaViolette_Data/Prostates/1149/8
'NoneType' object has no attribute 'shape'
Skipping /data/ur/bukowy/LaViolette_Data/Prostates/1149/9
'NoneType' object has no attribute 'shape'
Skipping /data/ur/bukowy/LaViolette_Data/Prostates/1144/11
'NoneType' object has no attribute 'shape'
Skipping /data/ur/bukowy/LaViolette_Data/Prostates/1144/12
'NoneType' object has no attribute 'shape'
Skipping /data/ur/bukowy/LaViolette_Data/Prostates/1144/13
'NoneType' object has no attribute 'shape'
Skipping /data/ur/bukowy/LaViolette_Data/Prostates/1144/5
'NoneType' object has no attribute 'shape'
Skipping /data/ur/bukowy/LaViolette_Data/Prostates/1144/6
'NoneType' object has no attribute 'shape'
Skipping /data/ur/bukowy/LaViolette_Data/Prostates/1144/8
'NoneType' object has no attribute 'shape'
Skipping /data/ur/bukowy/LaViolette_Data/Prostates/1126/12
'NoneType' object has no attribute 'shape'
Skipping /data/ur/bukowy/LaViolette_Data/Prostates/1126/13
'NoneType' object has no attribute 'shape'
Skipping /data/ur/bukowy/LaViolette_Data/Prostates/1126/14
'NoneType' object has no attribute 'shape'
Skipping /data/ur/bukowy/LaViolette_Data/Prostates/1126/5
'NoneType' object has no attribute 'shape'
Skipping /data/ur/bukowy/LaViolette_Data/Prostates/1122/9
'NoneType' object has no attribute 'shape'
Skipping /data/ur/bukowy/LaViolette_Data/Prostates/1122/11
'NoneType' object has no attribute 'shape'
Configuration:
algorithm_kwargs:
  batch_size: 16
  eval_freq: 2
  num_epochs: 200
  start_epoch: 0
amp: false
dataset_kwargs:
  batch_size: 16
  crop_size: 512
  dataset: ade20k
  image_size: 512
  normalization: vit
  num_workers: 10
  split: train
inference_kwargs:
  im_size: 512
  window_size: 512
  window_stride: 512
log_dir: seg_tiny_mask_retrain
net_kwargs:
  backbone: vit_tiny_patch16_384
  d_model: 192
  decoder:
    drop_path_rate: 0.0
    dropout: 0.1
    n_cls: 8
    n_layers: 2
    name: mask_transformer
  distilled: false
  drop_path_rate: 0.1
  dropout: 0.0
  image_size: !!python/tuple
  - 512
  - 512
  n_cls: 8
  n_heads: 3
  n_layers: 12
  normalization: vit
  patch_size: 16
optimizer_kwargs:
  clip_grad: null
  epochs: 200
  iter_max: 2200
  iter_warmup: 0.0
  lr: 0.001
  min_lr: 1.0e-05
  momentum: 0.9
  opt: sgd
  poly_power: 0.9
  poly_step_size: 1
  sched: polynomial
  weight_decay: 0.0
resume: false
version: normal
world_batch_size: 16

Train dataset length: 176
Val dataset length: 14
Encoder parameters: 5876392
Decoder parameters: 1002448
torch.Size([512, 512])
pred values: tensor([0, 1, 2, 3, 4, 5, 6, 7], device='cuda:0')
Eval:  [ 0/14]  eta: 0:00:00    time: 0.0380  data: 0.0180  max mem: 4382
torch.Size([512, 512])
pred values: tensor([0, 1, 2, 3, 4, 5, 6], device='cuda:0')
torch.Size([512, 512])
pred values: tensor([0, 1, 2, 3, 4, 5, 6], device='cuda:0')
torch.Size([512, 512])
pred values: tensor([0, 1, 2, 3, 4, 5, 6, 7], device='cuda:0')
torch.Size([512, 512])
pred values: tensor([0, 1, 2, 3, 4, 5, 6, 7], device='cuda:0')
torch.Size([512, 512])
pred values: tensor([0, 1, 2, 3, 4, 5, 6, 7], device='cuda:0')
torch.Size([512, 512])
pred values: tensor([0, 1, 2, 3, 4, 5, 6], device='cuda:0')
torch.Size([512, 512])
pred values: tensor([0, 1, 2, 3, 4, 5, 6, 7], device='cuda:0')
torch.Size([512, 512])
pred values: tensor([0, 1, 2, 3, 4, 5, 6, 7], device='cuda:0')
torch.Size([512, 512])
pred values: tensor([0, 1, 2, 3, 4, 5, 6, 7], device='cuda:0')
torch.Size([512, 512])
pred values: tensor([0, 1, 2, 3, 4, 5, 6, 7], device='cuda:0')
torch.Size([512, 512])
pred values: tensor([0, 1, 2, 3, 4, 5, 6, 7], device='cuda:0')
torch.Size([512, 512])
pred values: tensor([0, 1, 2, 3, 4, 5, 6, 7], device='cuda:0')
torch.Size([512, 512])
pred values: tensor([0, 1, 2, 3, 4, 5, 6, 7], device='cuda:0')
Eval:  [13/14]  eta: 0:00:00    time: 0.0280  data: 0.0165  max mem: 4382
Eval: Total time: 0:00:00 (0.0281 s / it)
Stats [0]: pixel_accuracy: 38.5400 (38.5400)  mean_accuracy: 24.0300 (24.0300)  mean_iou: 5.2100 (5.2100)

torch.Size([512, 512])
pred values: tensor([0, 1, 4, 6, 7], device='cuda:0')
Eval:  [ 0/14]  eta: 0:00:00    time: 0.0302  data: 0.0186  max mem: 4382
torch.Size([512, 512])
pred values: tensor([0, 1, 4, 6, 7], device='cuda:0')
torch.Size([512, 512])
pred values: tensor([0, 1, 4, 6, 7], device='cuda:0')
torch.Size([512, 512])
pred values: tensor([0, 1, 4, 6, 7], device='cuda:0')
torch.Size([512, 512])
pred values: tensor([0, 1, 2, 4, 6, 7], device='cuda:0')
torch.Size([512, 512])
pred values: tensor([0, 1, 4, 6, 7], device='cuda:0')
torch.Size([512, 512])
pred values: tensor([0, 1, 4, 6, 7], device='cuda:0')
torch.Size([512, 512])
pred values: tensor([0, 1, 4, 6, 7], device='cuda:0')
torch.Size([512, 512])
pred values: tensor([0, 1, 4, 6, 7], device='cuda:0')
torch.Size([512, 512])
pred values: tensor([0, 1, 4, 6, 7], device='cuda:0')
torch.Size([512, 512])
pred values: tensor([0, 1, 4, 6, 7], device='cuda:0')
torch.Size([512, 512])
pred values: tensor([0, 1, 4, 6, 7], device='cuda:0')
torch.Size([512, 512])
pred values: tensor([0, 1, 4, 6, 7], device='cuda:0')
torch.Size([512, 512])
pred values: tensor([0, 1, 3, 4, 6, 7], device='cuda:0')
Eval:  [13/14]  eta: 0:00:00    time: 0.0279  data: 0.0169  max mem: 4382
Eval: Total time: 0:00:00 (0.0280 s / it)
Stats [2]: pixel_accuracy: 77.3700 (77.3700)  mean_accuracy: 27.7300 (27.7300)  mean_iou: 10.2300 (10.2300)

torch.Size([512, 512])
pred values: tensor([0, 1, 3, 4, 5, 6], device='cuda:0')
Eval:  [ 0/14]  eta: 0:00:00    time: 0.0299  data: 0.0183  max mem: 4382
torch.Size([512, 512])
pred values: tensor([0, 1, 3, 4, 6, 7], device='cuda:0')
torch.Size([512, 512])
pred values: tensor([0, 1, 3, 4, 5, 6, 7], device='cuda:0')
torch.Size([512, 512])
pred values: tensor([0, 1, 4, 5, 6, 7], device='cuda:0')
torch.Size([512, 512])
pred values: tensor([0, 1, 4, 6, 7], device='cuda:0')
torch.Size([512, 512])
pred values: tensor([0, 1, 2, 4, 6, 7], device='cuda:0')
torch.Size([512, 512])
pred values: tensor([0, 1, 4, 5, 6, 7], device='cuda:0')
torch.Size([512, 512])
pred values: tensor([0, 1, 4, 6, 7], device='cuda:0')
torch.Size([512, 512])
pred values: tensor([0, 1, 3, 4, 6, 7], device='cuda:0')
torch.Size([512, 512])
pred values: tensor([0, 1, 3, 4, 5, 6, 7], device='cuda:0')
torch.Size([512, 512])
pred values: tensor([0, 1, 4, 6], device='cuda:0')
torch.Size([512, 512])
pred values: tensor([0, 1, 3, 4, 5, 6, 7], device='cuda:0')
torch.Size([512, 512])
pred values: tensor([0, 1, 3, 4, 5, 6, 7], device='cuda:0')
torch.Size([512, 512])
pred values: tensor([0, 1, 3, 4, 5, 6, 7], device='cuda:0')
Eval:  [13/14]  eta: 0:00:00    time: 0.0290  data: 0.0177  max mem: 4382
Eval: Total time: 0:00:00 (0.0291 s / it)
Stats [4]: pixel_accuracy: 84.7200 (84.7200)  mean_accuracy: 33.2600 (33.2600)  mean_iou: 11.3900 (11.3900)

torch.Size([512, 512])
pred values: tensor([0, 1, 2, 3, 4, 5, 6, 7], device='cuda:0')
Eval:  [ 0/14]  eta: 0:00:00    time: 0.0311  data: 0.0196  max mem: 4382
torch.Size([512, 512])
pred values: tensor([0, 1, 2, 3, 4, 5, 6, 7], device='cuda:0')
torch.Size([512, 512])
pred values: tensor([0, 1, 2, 3, 4, 5, 6, 7], device='cuda:0')
torch.Size([512, 512])
pred values: tensor([0, 1, 2, 3, 4, 5, 6, 7], device='cuda:0')
torch.Size([512, 512])
pred values: tensor([0, 1, 2, 3, 4, 5, 6, 7], device='cuda:0')
torch.Size([512, 512])
pred values: tensor([0, 1, 2, 3, 4, 5, 6, 7], device='cuda:0')
torch.Size([512, 512])
pred values: tensor([0, 1, 2, 3, 5, 6, 7], device='cuda:0')
torch.Size([512, 512])
pred values: tensor([0, 1, 2, 3, 4, 5, 6, 7], device='cuda:0')
torch.Size([512, 512])
pred values: tensor([0, 1, 2, 3, 4, 5, 6, 7], device='cuda:0')
torch.Size([512, 512])
pred values: tensor([0, 1, 2, 3, 4, 6], device='cuda:0')
torch.Size([512, 512])
pred values: tensor([0, 1, 2, 3, 4, 5, 6, 7], device='cuda:0')
torch.Size([512, 512])
pred values: tensor([0, 1, 2, 3, 4, 5, 6], device='cuda:0')
torch.Size([512, 512])
pred values: tensor([0, 1, 2, 3, 4, 5, 6], device='cuda:0')
torch.Size([512, 512])
pred values: tensor([0, 1, 2, 3, 4, 6], device='cuda:0')
Eval:  [13/14]  eta: 0:00:00    time: 0.0280  data: 0.0171  max mem: 4382
Eval: Total time: 0:00:00 (0.0281 s / it)
Stats [6]: pixel_accuracy: 88.7100 (88.7100)  mean_accuracy: 44.6500 (44.6500)  mean_iou: 13.8400 (13.8400)

torch.Size([512, 512])
pred values: tensor([0, 1, 2, 3, 5, 6], device='cuda:0')
Eval:  [ 0/14]  eta: 0:00:00    time: 0.0294  data: 0.0175  max mem: 4382
torch.Size([512, 512])
pred values: tensor([0, 1, 2, 3, 4, 5, 6, 7], device='cuda:0')
torch.Size([512, 512])
pred values: tensor([0, 1, 2, 3, 5, 6], device='cuda:0')
torch.Size([512, 512])
pred values: tensor([0, 1, 2, 3, 5, 6, 7], device='cuda:0')
torch.Size([512, 512])
pred values: tensor([0, 1, 2, 3, 5, 6], device='cuda:0')
torch.Size([512, 512])
pred values: tensor([0, 1, 2, 5, 6], device='cuda:0')
torch.Size([512, 512])
pred values: tensor([0, 1, 2, 5, 6], device='cuda:0')
torch.Size([512, 512])
pred values: tensor([0, 1, 2, 3, 5, 6, 7], device='cuda:0')
torch.Size([512, 512])
pred values: tensor([0, 1, 2, 3, 5, 6], device='cuda:0')
torch.Size([512, 512])
pred values: tensor([0, 1, 2, 3, 5, 6], device='cuda:0')
torch.Size([512, 512])
pred values: tensor([0, 1, 2, 5, 6], device='cuda:0')
torch.Size([512, 512])
pred values: tensor([0, 1, 2, 5, 6], device='cuda:0')
torch.Size([512, 512])
pred values: tensor([0, 1, 2, 3, 5, 6], device='cuda:0')
torch.Size([512, 512])
pred values: tensor([0, 1, 2, 3, 6], device='cuda:0')
Eval:  [13/14]  eta: 0:00:00    time: 0.0274  data: 0.0166  max mem: 4382
Eval: Total time: 0:00:00 (0.0275 s / it)
Stats [8]: pixel_accuracy: 88.7100 (88.7100)  mean_accuracy: 38.5300 (38.5300)  mean_iou: 13.2400 (13.2400)

torch.Size([512, 512])
pred values: tensor([0, 1, 2, 3, 5, 6], device='cuda:0')
Eval:  [ 0/14]  eta: 0:00:00    time: 0.0284  data: 0.0169  max mem: 4382
torch.Size([512, 512])
pred values: tensor([0, 1, 2, 3, 5, 6], device='cuda:0')
torch.Size([512, 512])
pred values: tensor([0, 1, 2, 3, 5, 6], device='cuda:0')
torch.Size([512, 512])
pred values: tensor([0, 1, 2, 3, 5, 6], device='cuda:0')
torch.Size([512, 512])
pred values: tensor([0, 1, 2, 3, 5, 6], device='cuda:0')
torch.Size([512, 512])
pred values: tensor([0, 1, 2, 3, 5, 6], device='cuda:0')
torch.Size([512, 512])
pred values: tensor([0, 1, 2, 3, 5, 6], device='cuda:0')
torch.Size([512, 512])
pred values: tensor([0, 1, 2, 3, 5, 6], device='cuda:0')
torch.Size([512, 512])
pred values: tensor([0, 1, 2, 3, 5, 6], device='cuda:0')
torch.Size([512, 512])
pred values: tensor([0, 1, 2, 3, 5, 6], device='cuda:0')
torch.Size([512, 512])
pred values: tensor([0, 1, 2, 3, 5, 6], device='cuda:0')
torch.Size([512, 512])
pred values: tensor([0, 1, 2, 3, 5, 6], device='cuda:0')
torch.Size([512, 512])
pred values: tensor([0, 1, 2, 3, 5, 6], device='cuda:0')
torch.Size([512, 512])
pred values: tensor([0, 1, 2, 3, 5, 6], device='cuda:0')
Eval:  [13/14]  eta: 0:00:00    time: 0.0273  data: 0.0162  max mem: 4382
Eval: Total time: 0:00:00 (0.0275 s / it)
Stats [10]: pixel_accuracy: 89.3000 (89.3000)  mean_accuracy: 36.1000 (36.1000)  mean_iou: 15.3700 (15.3700)

torch.Size([512, 512])
pred values: tensor([0, 1, 2, 3, 5, 6], device='cuda:0')
Eval:  [ 0/14]  eta: 0:00:00    time: 0.0297  data: 0.0185  max mem: 4382
torch.Size([512, 512])
pred values: tensor([0, 1, 2, 3, 4, 5, 6], device='cuda:0')
torch.Size([512, 512])
pred values: tensor([0, 1, 2, 3, 5, 6], device='cuda:0')
torch.Size([512, 512])
pred values: tensor([0, 1, 2, 3, 5, 6], device='cuda:0')
torch.Size([512, 512])
pred values: tensor([0, 1, 2, 3, 5, 6], device='cuda:0')
torch.Size([512, 512])
pred values: tensor([0, 1, 2, 3, 5, 6], device='cuda:0')
torch.Size([512, 512])
pred values: tensor([0, 1, 2, 3, 5, 6], device='cuda:0')
torch.Size([512, 512])
pred values: tensor([0, 1, 2, 3, 5, 6], device='cuda:0')
torch.Size([512, 512])
pred values: tensor([0, 1, 2, 3, 5, 6], device='cuda:0')
torch.Size([512, 512])
pred values: tensor([0, 1, 2, 3, 5, 6], device='cuda:0')
torch.Size([512, 512])
pred values: tensor([0, 1, 2, 3, 5, 6], device='cuda:0')
torch.Size([512, 512])
pred values: tensor([0, 1, 2, 3, 5, 6], device='cuda:0')
torch.Size([512, 512])
pred values: tensor([0, 1, 2, 3, 5, 6], device='cuda:0')
torch.Size([512, 512])
pred values: tensor([0, 1, 2, 3, 5, 6], device='cuda:0')
Eval:  [13/14]  eta: 0:00:00    time: 0.0291  data: 0.0177  max mem: 4382
Eval: Total time: 0:00:00 (0.0292 s / it)
Stats [12]: pixel_accuracy: 90.2000 (90.2000)  mean_accuracy: 38.7800 (38.7800)  mean_iou: 15.5900 (15.5900)

torch.Size([512, 512])
pred values: tensor([0, 1, 2, 3, 5, 6], device='cuda:0')
Eval:  [ 0/14]  eta: 0:00:00    time: 0.0288  data: 0.0169  max mem: 4382
torch.Size([512, 512])
pred values: tensor([0, 1, 2, 3, 4, 5, 6], device='cuda:0')
torch.Size([512, 512])
pred values: tensor([0, 1, 2, 3, 4, 5, 6], device='cuda:0')
torch.Size([512, 512])
pred values: tensor([0, 1, 2, 3, 5, 6], device='cuda:0')
torch.Size([512, 512])
pred values: tensor([0, 1, 2, 3, 5, 6], device='cuda:0')
torch.Size([512, 512])
pred values: tensor([0, 1, 2, 3, 5, 6], device='cuda:0')
torch.Size([512, 512])
pred values: tensor([0, 1, 2, 3, 5, 6], device='cuda:0')
torch.Size([512, 512])
pred values: tensor([0, 1, 2, 3, 5, 6], device='cuda:0')
torch.Size([512, 512])
pred values: tensor([0, 1, 2, 3, 5, 6], device='cuda:0')
torch.Size([512, 512])
pred values: tensor([0, 1, 2, 3, 5, 6], device='cuda:0')
torch.Size([512, 512])
pred values: tensor([0, 1, 2, 3, 5, 6], device='cuda:0')
torch.Size([512, 512])
pred values: tensor([0, 1, 2, 3, 5, 6], device='cuda:0')
torch.Size([512, 512])
pred values: tensor([0, 1, 2, 3, 5, 6], device='cuda:0')
torch.Size([512, 512])
pred values: tensor([0, 1, 2, 3, 5, 6], device='cuda:0')
Eval:  [13/14]  eta: 0:00:00    time: 0.0270  data: 0.0162  max mem: 4382
Eval: Total time: 0:00:00 (0.0271 s / it)
Stats [14]: pixel_accuracy: 89.2500 (89.2500)  mean_accuracy: 41.0100 (41.0100)  mean_iou: 14.7500 (14.7500)

torch.Size([512, 512])
pred values: tensor([0, 1, 2, 3, 4, 5, 6, 7], device='cuda:0')
Eval:  [ 0/14]  eta: 0:00:00    time: 0.0293  data: 0.0177  max mem: 4382
torch.Size([512, 512])
pred values: tensor([0, 1, 2, 3, 4, 5, 6, 7], device='cuda:0')
torch.Size([512, 512])
pred values: tensor([0, 1, 2, 3, 4, 5, 6, 7], device='cuda:0')
torch.Size([512, 512])
pred values: tensor([0, 1, 2, 3, 4, 5, 6], device='cuda:0')
torch.Size([512, 512])
pred values: tensor([0, 1, 2, 3, 4, 5, 6, 7], device='cuda:0')
torch.Size([512, 512])
pred values: tensor([0, 1, 2, 3, 4, 5, 6, 7], device='cuda:0')
torch.Size([512, 512])
pred values: tensor([0, 1, 2, 3, 5, 6], device='cuda:0')
torch.Size([512, 512])
pred values: tensor([0, 1, 2, 3, 4, 5, 6, 7], device='cuda:0')
torch.Size([512, 512])
pred values: tensor([0, 1, 2, 3, 4, 5, 6, 7], device='cuda:0')
torch.Size([512, 512])
pred values: tensor([0, 1, 2, 3, 5, 6], device='cuda:0')
torch.Size([512, 512])
pred values: tensor([0, 1, 2, 3, 4, 5, 6, 7], device='cuda:0')
torch.Size([512, 512])
pred values: tensor([0, 1, 2, 3, 4, 5, 6, 7], device='cuda:0')
torch.Size([512, 512])
pred values: tensor([0, 1, 2, 3, 4, 5, 6, 7], device='cuda:0')
torch.Size([512, 512])
pred values: tensor([0, 1, 2, 3, 5, 6], device='cuda:0')
Eval:  [13/14]  eta: 0:00:00    time: 0.0280  data: 0.0169  max mem: 4382
Eval: Total time: 0:00:00 (0.0281 s / it)
Stats [16]: pixel_accuracy: 89.0200 (89.0200)  mean_accuracy: 32.9200 (32.9200)  mean_iou: 12.2800 (12.2800)

torch.Size([512, 512])
pred values: tensor([0, 1, 2, 3, 4, 5, 6, 7], device='cuda:0')
Eval:  [ 0/14]  eta: 0:00:00    time: 0.0305  data: 0.0189  max mem: 4382
torch.Size([512, 512])
pred values: tensor([0, 1, 2, 3, 4, 5, 6, 7], device='cuda:0')
torch.Size([512, 512])
pred values: tensor([0, 1, 2, 3, 4, 5, 6], device='cuda:0')
torch.Size([512, 512])
pred values: tensor([0, 1, 2, 3, 4, 5, 6], device='cuda:0')
torch.Size([512, 512])
pred values: tensor([0, 1, 2, 3, 4, 5, 6, 7], device='cuda:0')
torch.Size([512, 512])
pred values: tensor([0, 1, 2, 3, 4, 5, 6], device='cuda:0')
torch.Size([512, 512])
pred values: tensor([0, 1, 2, 3, 4, 5, 6], device='cuda:0')
torch.Size([512, 512])
pred values: tensor([0, 1, 2, 3, 4, 5, 6], device='cuda:0')
torch.Size([512, 512])
pred values: tensor([0, 1, 2, 3, 4, 5, 6, 7], device='cuda:0')
torch.Size([512, 512])
pred values: tensor([0, 1, 2, 3, 4, 5, 6], device='cuda:0')
torch.Size([512, 512])
pred values: tensor([0, 1, 2, 3, 4, 5, 6], device='cuda:0')
torch.Size([512, 512])
pred values: tensor([0, 1, 2, 3, 4, 5, 6, 7], device='cuda:0')
torch.Size([512, 512])
pred values: tensor([0, 1, 2, 3, 4, 5, 6], device='cuda:0')
torch.Size([512, 512])
pred values: tensor([0, 1, 2, 3, 4, 5, 6], device='cuda:0')
Eval:  [13/14]  eta: 0:00:00    time: 0.0273  data: 0.0164  max mem: 4382
Eval: Total time: 0:00:00 (0.0274 s / it)
Stats [18]: pixel_accuracy: 88.9100 (88.9100)  mean_accuracy: 40.3700 (40.3700)  mean_iou: 13.7000 (13.7000)

torch.Size([512, 512])
pred values: tensor([0, 1, 2, 3, 5, 6], device='cuda:0')
Eval:  [ 0/14]  eta: 0:00:00    time: 0.0286  data: 0.0174  max mem: 4382
torch.Size([512, 512])
pred values: tensor([0, 1, 2, 3, 4, 5, 6, 7], device='cuda:0')
torch.Size([512, 512])
pred values: tensor([0, 1, 2, 3, 4, 5, 6, 7], device='cuda:0')
torch.Size([512, 512])
pred values: tensor([0, 1, 2, 3, 5, 6], device='cuda:0')
torch.Size([512, 512])
pred values: tensor([0, 1, 2, 3, 4, 5, 6], device='cuda:0')
torch.Size([512, 512])
pred values: tensor([0, 1, 2, 3, 5, 6], device='cuda:0')
torch.Size([512, 512])
pred values: tensor([0, 1, 2, 3, 5, 6], device='cuda:0')
torch.Size([512, 512])
pred values: tensor([0, 1, 2, 3, 4, 5, 6], device='cuda:0')
torch.Size([512, 512])
pred values: tensor([0, 1, 2, 3, 4, 5, 6, 7], device='cuda:0')
torch.Size([512, 512])
pred values: tensor([0, 1, 2, 3, 5, 6], device='cuda:0')
torch.Size([512, 512])
pred values: tensor([0, 1, 2, 3, 4, 5, 6], device='cuda:0')
torch.Size([512, 512])
pred values: tensor([0, 1, 2, 3, 5, 6], device='cuda:0')
torch.Size([512, 512])
pred values: tensor([0, 1, 2, 3, 4, 5, 6, 7], device='cuda:0')
torch.Size([512, 512])
pred values: tensor([0, 1, 2, 3, 5, 6], device='cuda:0')
Eval:  [13/14]  eta: 0:00:00    time: 0.0273  data: 0.0163  max mem: 4382
Eval: Total time: 0:00:00 (0.0274 s / it)
Stats [20]: pixel_accuracy: 89.8400 (89.8400)  mean_accuracy: 40.4100 (40.4100)  mean_iou: 13.8300 (13.8300)

torch.Size([512, 512])
pred values: tensor([0, 1, 2, 3, 5, 6], device='cuda:0')
Eval:  [ 0/14]  eta: 0:00:00    time: 0.0285  data: 0.0170  max mem: 4382
torch.Size([512, 512])
pred values: tensor([0, 1, 2, 3, 4, 5, 6, 7], device='cuda:0')
torch.Size([512, 512])
pred values: tensor([0, 1, 2, 3, 4, 5, 6, 7], device='cuda:0')
torch.Size([512, 512])
pred values: tensor([0, 1, 2, 3, 5, 6], device='cuda:0')
torch.Size([512, 512])
pred values: tensor([0, 1, 2, 3, 4, 5, 6], device='cuda:0')
torch.Size([512, 512])
pred values: tensor([0, 1, 2, 3, 5, 6], device='cuda:0')
torch.Size([512, 512])
pred values: tensor([0, 1, 2, 3, 5, 6], device='cuda:0')
torch.Size([512, 512])
pred values: tensor([0, 1, 2, 3, 5, 6], device='cuda:0')
torch.Size([512, 512])
pred values: tensor([0, 1, 2, 3, 4, 5, 6, 7], device='cuda:0')
torch.Size([512, 512])
pred values: tensor([0, 1, 2, 3, 5, 6], device='cuda:0')
torch.Size([512, 512])
pred values: tensor([0, 1, 2, 3, 5, 6], device='cuda:0')
torch.Size([512, 512])
pred values: tensor([0, 1, 2, 3, 4, 5, 6], device='cuda:0')
torch.Size([512, 512])
pred values: tensor([0, 1, 2, 3, 4, 5, 6, 7], device='cuda:0')
torch.Size([512, 512])
pred values: tensor([0, 1, 2, 3, 5, 6], device='cuda:0')
Eval:  [13/14]  eta: 0:00:00    time: 0.0278  data: 0.0162  max mem: 4382
Eval: Total time: 0:00:00 (0.0279 s / it)
Stats [22]: pixel_accuracy: 88.8800 (88.8800)  mean_accuracy: 43.0900 (43.0900)  mean_iou: 13.6100 (13.6100)

torch.Size([512, 512])
pred values: tensor([0, 1, 2, 3, 4, 5, 6, 7], device='cuda:0')
Eval:  [ 0/14]  eta: 0:00:00    time: 0.0281  data: 0.0169  max mem: 4382
torch.Size([512, 512])
pred values: tensor([0, 1, 2, 3, 4, 5, 7], device='cuda:0')
torch.Size([512, 512])
pred values: tensor([0, 1, 2, 3, 4, 5, 6, 7], device='cuda:0')
torch.Size([512, 512])
pred values: tensor([0, 1, 2, 3, 5, 6], device='cuda:0')
torch.Size([512, 512])
pred values: tensor([0, 1, 2, 3, 4, 5, 6, 7], device='cuda:0')
torch.Size([512, 512])
pred values: tensor([0, 1, 2, 3, 5, 6, 7], device='cuda:0')
torch.Size([512, 512])
pred values: tensor([0, 1, 2, 3, 5, 6], device='cuda:0')
torch.Size([512, 512])
pred values: tensor([0, 1, 2, 3, 4, 5, 6], device='cuda:0')
torch.Size([512, 512])
pred values: tensor([0, 1, 2, 3, 4, 5, 6, 7], device='cuda:0')
torch.Size([512, 512])
pred values: tensor([0, 1, 2, 3, 4, 5, 6], device='cuda:0')
torch.Size([512, 512])
pred values: tensor([0, 1, 2, 3, 4, 5, 6, 7], device='cuda:0')
torch.Size([512, 512])
pred values: tensor([0, 1, 2, 3, 4, 5, 6, 7], device='cuda:0')
torch.Size([512, 512])
pred values: tensor([0, 1, 2, 3, 4, 5, 6, 7], device='cuda:0')
torch.Size([512, 512])
pred values: tensor([0, 1, 2, 3, 5, 6], device='cuda:0')
Eval:  [13/14]  eta: 0:00:00    time: 0.0274  data: 0.0162  max mem: 4382
Eval: Total time: 0:00:00 (0.0275 s / it)
Stats [24]: pixel_accuracy: 88.4700 (88.4700)  mean_accuracy: 39.0900 (39.0900)  mean_iou: 13.5900 (13.5900)

torch.Size([512, 512])
pred values: tensor([0, 1, 2, 3, 4, 5, 6, 7], device='cuda:0')
Eval:  [ 0/14]  eta: 0:00:00    time: 0.0309  data: 0.0167  max mem: 4382
torch.Size([512, 512])
pred values: tensor([0, 1, 2, 3, 4, 5, 7], device='cuda:0')
torch.Size([512, 512])
pred values: tensor([0, 1, 2, 3, 4, 5, 6, 7], device='cuda:0')
torch.Size([512, 512])
pred values: tensor([0, 1, 2, 3, 4, 5, 6, 7], device='cuda:0')
torch.Size([512, 512])
pred values: tensor([0, 1, 2, 3, 4, 5, 6, 7], device='cuda:0')
torch.Size([512, 512])
pred values: tensor([0, 1, 2, 3, 4, 5, 6, 7], device='cuda:0')
torch.Size([512, 512])
pred values: tensor([0, 1, 2, 3, 4, 5, 6, 7], device='cuda:0')
torch.Size([512, 512])
pred values: tensor([0, 1, 2, 3, 4, 5, 6, 7], device='cuda:0')
torch.Size([512, 512])
pred values: tensor([0, 1, 2, 3, 4, 5, 6, 7], device='cuda:0')
torch.Size([512, 512])
pred values: tensor([0, 1, 2, 3, 4, 5, 6, 7], device='cuda:0')
torch.Size([512, 512])
pred values: tensor([0, 1, 2, 3, 4, 5, 6, 7], device='cuda:0')
torch.Size([512, 512])
pred values: tensor([0, 1, 2, 3, 4, 5, 6, 7], device='cuda:0')
torch.Size([512, 512])
pred values: tensor([0, 1, 2, 3, 4, 5, 6, 7], device='cuda:0')
torch.Size([512, 512])
pred values: tensor([0, 1, 2, 3, 4, 5, 6, 7], device='cuda:0')
Eval:  [13/14]  eta: 0:00:00    time: 0.0276  data: 0.0162  max mem: 4382
Eval: Total time: 0:00:00 (0.0277 s / it)
Stats [26]: pixel_accuracy: 87.9300 (87.9300)  mean_accuracy: 30.4700 (30.4700)  mean_iou: 13.4000 (13.4000)

torch.Size([512, 512])
pred values: tensor([0, 1, 2, 3, 4, 5, 6, 7], device='cuda:0')
Eval:  [ 0/14]  eta: 0:00:00    time: 0.0291  data: 0.0175  max mem: 4382
torch.Size([512, 512])
pred values: tensor([0, 1, 2, 3, 4, 5, 7], device='cuda:0')
torch.Size([512, 512])
pred values: tensor([0, 1, 2, 3, 4, 5, 6, 7], device='cuda:0')
torch.Size([512, 512])
pred values: tensor([0, 1, 2, 3, 4, 5, 6, 7], device='cuda:0')
torch.Size([512, 512])
pred values: tensor([0, 1, 2, 3, 4, 5, 6, 7], device='cuda:0')
torch.Size([512, 512])
pred values: tensor([0, 1, 2, 3, 4, 5, 6, 7], device='cuda:0')
torch.Size([512, 512])
pred values: tensor([0, 1, 2, 3, 4, 5, 6, 7], device='cuda:0')
torch.Size([512, 512])
pred values: tensor([0, 1, 2, 3, 4, 5, 6, 7], device='cuda:0')
torch.Size([512, 512])
pred values: tensor([0, 1, 2, 3, 4, 5, 6, 7], device='cuda:0')
torch.Size([512, 512])
pred values: tensor([0, 1, 2, 3, 4, 5, 6, 7], device='cuda:0')
torch.Size([512, 512])
pred values: tensor([0, 1, 2, 3, 4, 5, 6, 7], device='cuda:0')
torch.Size([512, 512])
pred values: tensor([0, 1, 2, 3, 4, 5, 6, 7], device='cuda:0')
torch.Size([512, 512])
pred values: tensor([0, 1, 2, 3, 4, 5, 6, 7], device='cuda:0')
torch.Size([512, 512])
pred values: tensor([0, 1, 2, 3, 4, 5, 6, 7], device='cuda:0')
Eval:  [13/14]  eta: 0:00:00    time: 0.0275  data: 0.0166  max mem: 4382
Eval: Total time: 0:00:00 (0.0276 s / it)
Stats [28]: pixel_accuracy: 87.1500 (87.1500)  mean_accuracy: 26.0900 (26.0900)  mean_iou: 12.9700 (12.9700)

torch.Size([512, 512])
pred values: tensor([0, 1, 2, 3, 5], device='cuda:0')
Eval:  [ 0/14]  eta: 0:00:00    time: 0.0303  data: 0.0186  max mem: 4382
torch.Size([512, 512])
pred values: tensor([0, 1, 2, 3, 5], device='cuda:0')
torch.Size([512, 512])
pred values: tensor([0, 1, 2, 3, 5, 6], device='cuda:0')
torch.Size([512, 512])
pred values: tensor([0, 1, 2, 3, 5, 6], device='cuda:0')
torch.Size([512, 512])
pred values: tensor([0, 1, 2, 3, 5, 6], device='cuda:0')
torch.Size([512, 512])
pred values: tensor([0, 1, 2, 3, 5, 6, 7], device='cuda:0')
torch.Size([512, 512])
pred values: tensor([0, 1, 2, 3, 5, 6], device='cuda:0')
torch.Size([512, 512])
pred values: tensor([0, 1, 2, 3, 5, 6], device='cuda:0')
torch.Size([512, 512])
pred values: tensor([0, 1, 2, 3, 4, 5, 6, 7], device='cuda:0')
torch.Size([512, 512])
pred values: tensor([0, 1, 2, 3, 5, 6], device='cuda:0')
torch.Size([512, 512])
pred values: tensor([0, 1, 2, 3, 5, 6], device='cuda:0')
torch.Size([512, 512])
pred values: tensor([0, 1, 2, 3, 5, 6], device='cuda:0')
torch.Size([512, 512])
pred values: tensor([0, 1, 2, 3, 5, 6], device='cuda:0')
torch.Size([512, 512])
pred values: tensor([0, 1, 2, 3, 5, 6], device='cuda:0')
Eval:  [13/14]  eta: 0:00:00    time: 0.0277  data: 0.0170  max mem: 4382
Eval: Total time: 0:00:00 (0.0279 s / it)
Stats [30]: pixel_accuracy: 88.1700 (88.1700)  mean_accuracy: 37.5200 (37.5200)  mean_iou: 13.3100 (13.3100)

torch.Size([512, 512])
pred values: tensor([0, 1, 2, 3, 4, 5, 6, 7], device='cuda:0')
Eval:  [ 0/14]  eta: 0:00:00    time: 0.0294  data: 0.0178  max mem: 4382
torch.Size([512, 512])
pred values: tensor([0, 1, 2, 3, 4, 5, 6, 7], device='cuda:0')
torch.Size([512, 512])
pred values: tensor([0, 1, 2, 3, 4, 5, 6, 7], device='cuda:0')
torch.Size([512, 512])
pred values: tensor([0, 1, 2, 3, 4, 5, 6, 7], device='cuda:0')
torch.Size([512, 512])
pred values: tensor([0, 1, 2, 3, 4, 5, 6, 7], device='cuda:0')
torch.Size([512, 512])
pred values: tensor([0, 1, 2, 3, 4, 5, 6, 7], device='cuda:0')
torch.Size([512, 512])
pred values: tensor([0, 1, 2, 3, 4, 5, 6], device='cuda:0')
torch.Size([512, 512])
pred values: tensor([0, 1, 2, 3, 4, 5, 6, 7], device='cuda:0')
torch.Size([512, 512])
pred values: tensor([0, 1, 2, 3, 4, 5, 6, 7], device='cuda:0')
torch.Size([512, 512])
pred values: tensor([0, 1, 2, 3, 4, 5, 6, 7], device='cuda:0')
torch.Size([512, 512])
pred values: tensor([0, 1, 2, 3, 4, 5, 6, 7], device='cuda:0')
torch.Size([512, 512])
pred values: tensor([0, 1, 2, 3, 4, 5, 6, 7], device='cuda:0')
torch.Size([512, 512])
pred values: tensor([0, 1, 2, 3, 4, 5, 6, 7], device='cuda:0')
torch.Size([512, 512])
pred values: tensor([0, 1, 2, 3, 4, 5, 6, 7], device='cuda:0')
Eval:  [13/14]  eta: 0:00:00    time: 0.0269  data: 0.0160  max mem: 4382
Eval: Total time: 0:00:00 (0.0270 s / it)
Stats [32]: pixel_accuracy: 88.7700 (88.7700)  mean_accuracy: 37.3600 (37.3600)  mean_iou: 13.6900 (13.6900)

torch.Size([512, 512])
pred values: tensor([0, 1, 2, 3, 4, 5], device='cuda:0')
Eval:  [ 0/14]  eta: 0:00:00    time: 0.0303  data: 0.0185  max mem: 4382
torch.Size([512, 512])
pred values: tensor([0, 1, 2, 3, 4, 5], device='cuda:0')
torch.Size([512, 512])
pred values: tensor([0, 1, 2, 3, 4, 6, 7], device='cuda:0')
torch.Size([512, 512])
pred values: tensor([0, 1, 2, 3, 4, 5, 6, 7], device='cuda:0')
torch.Size([512, 512])
pred values: tensor([0, 1, 2, 3, 4, 5, 6, 7], device='cuda:0')
torch.Size([512, 512])
pred values: tensor([0, 1, 2, 3, 4, 5, 6, 7], device='cuda:0')
torch.Size([512, 512])
pred values: tensor([0, 1, 2, 3, 5, 6], device='cuda:0')
torch.Size([512, 512])
pred values: tensor([0, 1, 2, 3, 4, 5], device='cuda:0')
torch.Size([512, 512])
pred values: tensor([0, 1, 2, 3, 4, 5, 6, 7], device='cuda:0')
torch.Size([512, 512])
pred values: tensor([0, 1, 2, 3, 4, 5, 6, 7], device='cuda:0')
torch.Size([512, 512])
pred values: tensor([0, 1, 2, 3, 4, 5, 6, 7], device='cuda:0')
torch.Size([512, 512])
pred values: tensor([0, 1, 2, 3, 4, 5, 6, 7], device='cuda:0')
torch.Size([512, 512])
pred values: tensor([0, 1, 2, 3, 4, 5, 6, 7], device='cuda:0')
torch.Size([512, 512])
pred values: tensor([0, 1, 2, 3, 4, 5, 6], device='cuda:0')
Eval:  [13/14]  eta: 0:00:00    time: 0.0278  data: 0.0168  max mem: 4382
Eval: Total time: 0:00:00 (0.0279 s / it)
Stats [34]: pixel_accuracy: 89.2400 (89.2400)  mean_accuracy: 39.3200 (39.3200)  mean_iou: 13.7700 (13.7700)

torch.Size([512, 512])
pred values: tensor([0, 1, 2, 3, 4], device='cuda:0')
Eval:  [ 0/14]  eta: 0:00:00    time: 0.0300  data: 0.0183  max mem: 4382
torch.Size([512, 512])
pred values: tensor([0, 1, 2, 3, 4, 5], device='cuda:0')
torch.Size([512, 512])
pred values: tensor([0, 1, 2, 3, 4, 5, 6], device='cuda:0')
torch.Size([512, 512])
pred values: tensor([0, 1, 2, 3, 4, 5, 6], device='cuda:0')
torch.Size([512, 512])
pred values: tensor([0, 1, 2, 3, 4, 5, 6, 7], device='cuda:0')
torch.Size([512, 512])
pred values: tensor([0, 1, 2, 3, 4, 5, 6, 7], device='cuda:0')
torch.Size([512, 512])
pred values: tensor([0, 1, 2, 3, 4, 5, 6], device='cuda:0')
torch.Size([512, 512])
pred values: tensor([0, 1, 2, 3, 4, 5, 7], device='cuda:0')
torch.Size([512, 512])
pred values: tensor([0, 1, 2, 4, 5, 6, 7], device='cuda:0')
torch.Size([512, 512])
pred values: tensor([0, 1, 2, 3, 4, 5], device='cuda:0')
torch.Size([512, 512])
pred values: tensor([0, 1, 2, 3, 4, 5, 6, 7], device='cuda:0')
torch.Size([512, 512])
pred values: tensor([0, 1, 2, 3, 4, 6], device='cuda:0')
torch.Size([512, 512])
pred values: tensor([0, 1, 2, 3, 4, 6, 7], device='cuda:0')
torch.Size([512, 512])
pred values: tensor([0, 1, 2, 3, 4, 5], device='cuda:0')
Eval:  [13/14]  eta: 0:00:00    time: 0.0274  data: 0.0165  max mem: 4382
Eval: Total time: 0:00:00 (0.0275 s / it)
Stats [36]: pixel_accuracy: 87.4000 (87.4000)  mean_accuracy: 38.2900 (38.2900)  mean_iou: 13.4300 (13.4300)

torch.Size([512, 512])
pred values: tensor([0, 1, 2, 3, 4, 5, 6], device='cuda:0')
Eval:  [ 0/14]  eta: 0:00:00    time: 0.0302  data: 0.0188  max mem: 4382
torch.Size([512, 512])
pred values: tensor([0, 1, 2, 3, 4, 5], device='cuda:0')
torch.Size([512, 512])
pred values: tensor([0, 1, 2, 3, 4, 5, 6], device='cuda:0')
torch.Size([512, 512])
pred values: tensor([0, 1, 2, 3, 4, 5, 6], device='cuda:0')
torch.Size([512, 512])
pred values: tensor([0, 1, 2, 3, 4, 5, 6, 7], device='cuda:0')
torch.Size([512, 512])
pred values: tensor([0, 1, 2, 3, 4, 5, 6, 7], device='cuda:0')
torch.Size([512, 512])
pred values: tensor([0, 1, 2, 4, 5, 6], device='cuda:0')
torch.Size([512, 512])
pred values: tensor([0, 1, 2, 3, 4, 5, 7], device='cuda:0')
torch.Size([512, 512])
pred values: tensor([0, 1, 2, 4, 5, 6, 7], device='cuda:0')
torch.Size([512, 512])
pred values: tensor([0, 1, 2, 4, 5, 7], device='cuda:0')
torch.Size([512, 512])
pred values: tensor([0, 1, 2, 3, 4, 5, 6, 7], device='cuda:0')
torch.Size([512, 512])
pred values: tensor([0, 1, 2, 3, 4, 6, 7], device='cuda:0')
torch.Size([512, 512])
pred values: tensor([0, 1, 2, 4, 5, 6, 7], device='cuda:0')
torch.Size([512, 512])
pred values: tensor([0, 1, 2, 3, 4, 5], device='cuda:0')
Eval:  [13/14]  eta: 0:00:00    time: 0.0283  data: 0.0169  max mem: 4382
Eval: Total time: 0:00:00 (0.0284 s / it)
Stats [38]: pixel_accuracy: 88.7900 (88.7900)  mean_accuracy: 40.2200 (40.2200)  mean_iou: 13.6500 (13.6500)

torch.Size([512, 512])
pred values: tensor([0, 1, 2, 3, 4, 7], device='cuda:0')
Eval:  [ 0/14]  eta: 0:00:00    time: 0.0323  data: 0.0184  max mem: 4382
torch.Size([512, 512])
pred values: tensor([0, 1, 2, 3, 4, 5, 7], device='cuda:0')
torch.Size([512, 512])
pred values: tensor([0, 1, 2, 3, 4, 6, 7], device='cuda:0')
torch.Size([512, 512])
pred values: tensor([0, 1, 2, 4, 5, 6], device='cuda:0')
torch.Size([512, 512])
pred values: tensor([0, 1, 2, 3, 4, 5, 6, 7], device='cuda:0')
torch.Size([512, 512])
pred values: tensor([0, 1, 2, 3, 4, 5, 7], device='cuda:0')
torch.Size([512, 512])
pred values: tensor([0, 1, 2, 4, 5, 6], device='cuda:0')
torch.Size([512, 512])
pred values: tensor([0, 1, 2, 3, 4, 5, 7], device='cuda:0')
torch.Size([512, 512])
pred values: tensor([0, 1, 2, 4, 5, 6, 7], device='cuda:0')
torch.Size([512, 512])
pred values: tensor([0, 1, 2, 4, 5, 6, 7], device='cuda:0')
torch.Size([512, 512])
pred values: tensor([0, 1, 2, 3, 4, 5, 6, 7], device='cuda:0')
torch.Size([512, 512])
pred values: tensor([0, 1, 2, 3, 4, 6, 7], device='cuda:0')
torch.Size([512, 512])
pred values: tensor([0, 1, 2, 4, 6, 7], device='cuda:0')
torch.Size([512, 512])
pred values: tensor([0, 1, 2, 4, 5, 6, 7], device='cuda:0')
Eval:  [13/14]  eta: 0:00:00    time: 0.0290  data: 0.0169  max mem: 4382
Eval: Total time: 0:00:00 (0.0291 s / it)
Stats [40]: pixel_accuracy: 88.8800 (88.8800)  mean_accuracy: 33.6500 (33.6500)  mean_iou: 13.6200 (13.6200)
slurmstepd: error: *** JOB 109725 ON dh-dgx1-3 CANCELLED AT 2023-03-20T17:53:54 ***
