MOFED version '4.9-2.2.6' not available in this container.
No matching alternate version found.
Traceback (most recent call last):
  File "/opt/conda/lib/python3.6/runpy.py", line 193, in _run_module_as_main
    "__main__", mod_spec)
  File "/opt/conda/lib/python3.6/runpy.py", line 85, in _run_code
    exec(code, run_globals)
  File "/home/nelsonni/laviolette/segmenter/segm/evaluate.py", line 187, in <module>
    main()
  File "/opt/conda/lib/python3.6/site-packages/click/core.py", line 829, in __call__
    return self.main(*args, **kwargs)
  File "/opt/conda/lib/python3.6/site-packages/click/core.py", line 782, in main
    rv = self.invoke(ctx)
  File "/opt/conda/lib/python3.6/site-packages/click/core.py", line 1066, in invoke
    return ctx.invoke(self.callback, **ctx.params)
  File "/opt/conda/lib/python3.6/site-packages/click/core.py", line 610, in invoke
    return callback(*args, **kwargs)
  File "/home/nelsonni/laviolette/segmenter/segm/evaluate.py", line 120, in main
    shuffle=False)
TypeError: __init__() got an unexpected keyword argument 'batch_size'
Skipping /data/ur/bukowy/LaViolette_Data/Prostates/1102/8
'NoneType' object has no attribute 'shape'
Skipping /data/ur/bukowy/LaViolette_Data/Prostates/1102/MRI
'NoneType' object has no attribute 'shape'
Skipping /data/ur/bukowy/LaViolette_Data/Prostates/1152/11
'NoneType' object has no attribute 'shape'
Skipping /data/ur/bukowy/LaViolette_Data/Prostates/1152/12
'NoneType' object has no attribute 'shape'
Skipping /data/ur/bukowy/LaViolette_Data/Prostates/1152/13
'NoneType' object has no attribute 'shape'
Skipping /data/ur/bukowy/LaViolette_Data/Prostates/1152/5
'NoneType' object has no attribute 'shape'
Skipping /data/ur/bukowy/LaViolette_Data/Prostates/1152/8
'NoneType' object has no attribute 'shape'
Skipping /data/ur/bukowy/LaViolette_Data/Prostates/1152/9
'NoneType' object has no attribute 'shape'
Skipping /data/ur/bukowy/LaViolette_Data/Prostates/1152/MRI
'NoneType' object has no attribute 'shape'
Skipping /data/ur/bukowy/LaViolette_Data/Prostates/1190/14
'NoneType' object has no attribute 'shape'
Skipping /data/ur/bukowy/LaViolette_Data/Prostates/1190/15
'NoneType' object has no attribute 'shape'
Skipping /data/ur/bukowy/LaViolette_Data/Prostates/1190/16
'NoneType' object has no attribute 'shape'
Skipping /data/ur/bukowy/LaViolette_Data/Prostates/1190/9
'NoneType' object has no attribute 'shape'
Skipping /data/ur/bukowy/LaViolette_Data/Prostates/1190/MRI
'NoneType' object has no attribute 'shape'
Skipping /data/ur/bukowy/LaViolette_Data/Prostates/1133/10
'NoneType' object has no attribute 'shape'
Skipping /data/ur/bukowy/LaViolette_Data/Prostates/1133/11
'NoneType' object has no attribute 'shape'
Skipping /data/ur/bukowy/LaViolette_Data/Prostates/1133/12
'NoneType' object has no attribute 'shape'
Skipping /data/ur/bukowy/LaViolette_Data/Prostates/1133/13
'NoneType' object has no attribute 'shape'
Skipping /data/ur/bukowy/LaViolette_Data/Prostates/1133/9
'NoneType' object has no attribute 'shape'
Skipping /data/ur/bukowy/LaViolette_Data/Prostates/1133/MRI
'NoneType' object has no attribute 'shape'
Skipping /data/ur/bukowy/LaViolette_Data/Prostates/1106/8
'NoneType' object has no attribute 'shape'
Skipping /data/ur/bukowy/LaViolette_Data/Prostates/1106/MRI
'NoneType' object has no attribute 'shape'
Skipping /data/ur/bukowy/LaViolette_Data/Prostates/1121/6
'NoneType' object has no attribute 'shape'
Skipping /data/ur/bukowy/LaViolette_Data/Prostates/1121/MRI
'NoneType' object has no attribute 'shape'
