MOFED version '4.9-2.2.6' not available in this container.
No matching alternate version found.
wandb: Currently logged in as: nigelnel (nigel_nelson). Use `wandb login --relogin` to force relogin
Starting process with rank 0...
Process 0 is connected.
All processes are connected.
Traceback (most recent call last):
  File "/opt/conda/lib/python3.6/runpy.py", line 193, in _run_module_as_main
    "__main__", mod_spec)
  File "/opt/conda/lib/python3.6/runpy.py", line 85, in _run_code
    exec(code, run_globals)
  File "/home/nelsonni/laviolette/segmenter/segm/train_unet.py", line 341, in <module>
    main()
  File "/opt/conda/lib/python3.6/site-packages/click/core.py", line 829, in __call__
    return self.main(*args, **kwargs)
  File "/opt/conda/lib/python3.6/site-packages/click/core.py", line 782, in main
    rv = self.invoke(ctx)
  File "/opt/conda/lib/python3.6/site-packages/click/core.py", line 1066, in invoke
    return ctx.invoke(self.callback, **ctx.params)
  File "/opt/conda/lib/python3.6/site-packages/click/core.py", line 610, in invoke
    return callback(*args, **kwargs)
  File "/home/nelsonni/laviolette/segmenter/segm/train_unet.py", line 197, in main
    val_seg_gt[batch[2][0]] = batch[1][0]
KeyError: 1
Skipping /data/ur/bukowy/LaViolette_Data/Prostates/1107/10
'NoneType' object has no attribute 'shape'
Skipping /data/ur/bukowy/LaViolette_Data/Prostates/1107/11
'NoneType' object has no attribute 'shape'
Skipping /data/ur/bukowy/LaViolette_Data/Prostates/1107/12
'NoneType' object has no attribute 'shape'
Skipping /data/ur/bukowy/LaViolette_Data/Prostates/1107/13
'NoneType' object has no attribute 'shape'
Skipping /data/ur/bukowy/LaViolette_Data/Prostates/1107/5
'NoneType' object has no attribute 'shape'
Skipping /data/ur/bukowy/LaViolette_Data/Prostates/1107/6
'NoneType' object has no attribute 'shape'
Skipping /data/ur/bukowy/LaViolette_Data/Prostates/1107/7
'NoneType' object has no attribute 'shape'
Skipping /data/ur/bukowy/LaViolette_Data/Prostates/1107/8
'NoneType' object has no attribute 'shape'
Skipping /data/ur/bukowy/LaViolette_Data/Prostates/1111/9
'NoneType' object has no attribute 'shape'
Skipping /data/ur/bukowy/LaViolette_Data/Prostates/1111/7
'NoneType' object has no attribute 'shape'
Skipping /data/ur/bukowy/LaViolette_Data/Prostates/1111/5
'NoneType' object has no attribute 'shape'
Skipping /data/ur/bukowy/LaViolette_Data/Prostates/1118/6
'NoneType' object has no attribute 'shape'
Skipping /data/ur/bukowy/LaViolette_Data/Prostates/1118/15
'NoneType' object has no attribute 'shape'
Skipping /data/ur/bukowy/LaViolette_Data/Prostates/1118/12
'NoneType' object has no attribute 'shape'
Skipping /data/ur/bukowy/LaViolette_Data/Prostates/1118/13
'NoneType' object has no attribute 'shape'
Skipping /data/ur/bukowy/LaViolette_Data/Prostates/1118/14
'NoneType' object has no attribute 'shape'
Skipping /data/ur/bukowy/LaViolette_Data/Prostates/1121/6
'NoneType' object has no attribute 'shape'
Skipping /data/ur/bukowy/LaViolette_Data/Prostates/1123/11
'NoneType' object has no attribute 'shape'
Skipping /data/ur/bukowy/LaViolette_Data/Prostates/1123/12
'NoneType' object has no attribute 'shape'
Skipping /data/ur/bukowy/LaViolette_Data/Prostates/1123/5
'NoneType' object has no attribute 'shape'
Skipping /data/ur/bukowy/LaViolette_Data/Prostates/1123/6
'NoneType' object has no attribute 'shape'
Skipping /data/ur/bukowy/LaViolette_Data/Prostates/1124/13
'NoneType' object has no attribute 'shape'
Skipping /data/ur/bukowy/LaViolette_Data/Prostates/1124/5
'NoneType' object has no attribute 'shape'
Skipping /data/ur/bukowy/LaViolette_Data/Prostates/1125/12
'NoneType' object has no attribute 'shape'
Skipping /data/ur/bukowy/LaViolette_Data/Prostates/1125/5
'NoneType' object has no attribute 'shape'
Skipping /data/ur/bukowy/LaViolette_Data/Prostates/1125/6
'NoneType' object has no attribute 'shape'
Skipping /data/ur/bukowy/LaViolette_Data/Prostates/1128/13
'NoneType' object has no attribute 'shape'
Skipping /data/ur/bukowy/LaViolette_Data/Prostates/1128/14
'NoneType' object has no attribute 'shape'
Skipping /data/ur/bukowy/LaViolette_Data/Prostates/1128/6
'NoneType' object has no attribute 'shape'
Skipping /data/ur/bukowy/LaViolette_Data/Prostates/1129/10
'NoneType' object has no attribute 'shape'
Skipping /data/ur/bukowy/LaViolette_Data/Prostates/1129/11
'NoneType' object has no attribute 'shape'
Skipping /data/ur/bukowy/LaViolette_Data/Prostates/1129/5
'NoneType' object has no attribute 'shape'
Skipping /data/ur/bukowy/LaViolette_Data/Prostates/1129/6
'NoneType' object has no attribute 'shape'
Skipping /data/ur/bukowy/LaViolette_Data/Prostates/1129/7
'NoneType' object has no attribute 'shape'
Skipping /data/ur/bukowy/LaViolette_Data/Prostates/1131/10
'NoneType' object has no attribute 'shape'
Skipping /data/ur/bukowy/LaViolette_Data/Prostates/1131/11
'NoneType' object has no attribute 'shape'
Skipping /data/ur/bukowy/LaViolette_Data/Prostates/1131/9
'NoneType' object has no attribute 'shape'
Skipping /data/ur/bukowy/LaViolette_Data/Prostates/1132/11
'NoneType' object has no attribute 'shape'
Skipping /data/ur/bukowy/LaViolette_Data/Prostates/1132/13
'NoneType' object has no attribute 'shape'
Skipping /data/ur/bukowy/LaViolette_Data/Prostates/1132/14
'NoneType' object has no attribute 'shape'
Skipping /data/ur/bukowy/LaViolette_Data/Prostates/1134/10
'NoneType' object has no attribute 'shape'
Skipping /data/ur/bukowy/LaViolette_Data/Prostates/1134/7
'NoneType' object has no attribute 'shape'
Skipping /data/ur/bukowy/LaViolette_Data/Prostates/1134/8
'NoneType' object has no attribute 'shape'
Skipping /data/ur/bukowy/LaViolette_Data/Prostates/1134/9
'NoneType' object has no attribute 'shape'
Skipping /data/ur/bukowy/LaViolette_Data/Prostates/1136/10
'NoneType' object has no attribute 'shape'
Skipping /data/ur/bukowy/LaViolette_Data/Prostates/1136/11
'NoneType' object has no attribute 'shape'
Skipping /data/ur/bukowy/LaViolette_Data/Prostates/1136/12
'NoneType' object has no attribute 'shape'
Skipping /data/ur/bukowy/LaViolette_Data/Prostates/1136/13
'NoneType' object has no attribute 'shape'
Skipping /data/ur/bukowy/LaViolette_Data/Prostates/1136/14
'NoneType' object has no attribute 'shape'
Skipping /data/ur/bukowy/LaViolette_Data/Prostates/1136/15
'NoneType' object has no attribute 'shape'
Skipping /data/ur/bukowy/LaViolette_Data/Prostates/1136/7
'NoneType' object has no attribute 'shape'
Skipping /data/ur/bukowy/LaViolette_Data/Prostates/1137/10
'NoneType' object has no attribute 'shape'
Skipping /data/ur/bukowy/LaViolette_Data/Prostates/1137/11
'NoneType' object has no attribute 'shape'
Skipping /data/ur/bukowy/LaViolette_Data/Prostates/1137/5
'NoneType' object has no attribute 'shape'
Skipping /data/ur/bukowy/LaViolette_Data/Prostates/1138/10
'NoneType' object has no attribute 'shape'
Skipping /data/ur/bukowy/LaViolette_Data/Prostates/1138/6
'NoneType' object has no attribute 'shape'
Skipping /data/ur/bukowy/LaViolette_Data/Prostates/1138/7
'NoneType' object has no attribute 'shape'
Skipping /data/ur/bukowy/LaViolette_Data/Prostates/1138/8
'NoneType' object has no attribute 'shape'
Skipping /data/ur/bukowy/LaViolette_Data/Prostates/1138/9
'NoneType' object has no attribute 'shape'
Skipping /data/ur/bukowy/LaViolette_Data/Prostates/1140/14
'NoneType' object has no attribute 'shape'
Skipping /data/ur/bukowy/LaViolette_Data/Prostates/1140/15
'NoneType' object has no attribute 'shape'
Skipping /data/ur/bukowy/LaViolette_Data/Prostates/1140/16
'NoneType' object has no attribute 'shape'
Skipping /data/ur/bukowy/LaViolette_Data/Prostates/1140/17
'NoneType' object has no attribute 'shape'
Skipping /data/ur/bukowy/LaViolette_Data/Prostates/1141/10
'NoneType' object has no attribute 'shape'
Skipping /data/ur/bukowy/LaViolette_Data/Prostates/1141/11
'NoneType' object has no attribute 'shape'
Skipping /data/ur/bukowy/LaViolette_Data/Prostates/1141/12
'NoneType' object has no attribute 'shape'
Skipping /data/ur/bukowy/LaViolette_Data/Prostates/1141/9
'NoneType' object has no attribute 'shape'
Skipping /data/ur/bukowy/LaViolette_Data/Prostates/1142/5
'NoneType' object has no attribute 'shape'
Skipping /data/ur/bukowy/LaViolette_Data/Prostates/1147/15
'NoneType' object has no attribute 'shape'
Skipping /data/ur/bukowy/LaViolette_Data/Prostates/1147/5
'NoneType' object has no attribute 'shape'
Skipping /data/ur/bukowy/LaViolette_Data/Prostates/1148/10
'NoneType' object has no attribute 'shape'
Skipping /data/ur/bukowy/LaViolette_Data/Prostates/1148/11
'NoneType' object has no attribute 'shape'
Skipping /data/ur/bukowy/LaViolette_Data/Prostates/1148/12
'NoneType' object has no attribute 'shape'
Skipping /data/ur/bukowy/LaViolette_Data/Prostates/1154/14
'NoneType' object has no attribute 'shape'
Skipping /data/ur/bukowy/LaViolette_Data/Prostates/1154/15
'NoneType' object has no attribute 'shape'
Skipping /data/ur/bukowy/LaViolette_Data/Prostates/1154/5
'NoneType' object has no attribute 'shape'
Skipping /data/ur/bukowy/LaViolette_Data/Prostates/1154/6
'NoneType' object has no attribute 'shape'
Skipping /data/ur/bukowy/LaViolette_Data/Prostates/1155/13
'NoneType' object has no attribute 'shape'
Skipping /data/ur/bukowy/LaViolette_Data/Prostates/1155/14
'NoneType' object has no attribute 'shape'
Skipping /data/ur/bukowy/LaViolette_Data/Prostates/1158/13
'NoneType' object has no attribute 'shape'
Skipping /data/ur/bukowy/LaViolette_Data/Prostates/1158/15
'NoneType' object has no attribute 'shape'
Skipping /data/ur/bukowy/LaViolette_Data/Prostates/1159/12
'NoneType' object has no attribute 'shape'
Skipping /data/ur/bukowy/LaViolette_Data/Prostates/1159/13
'NoneType' object has no attribute 'shape'
Skipping /data/ur/bukowy/LaViolette_Data/Prostates/1159/14
'NoneType' object has no attribute 'shape'
Skipping /data/ur/bukowy/LaViolette_Data/Prostates/1187/12
'NoneType' object has no attribute 'shape'
Skipping /data/ur/bukowy/LaViolette_Data/Prostates/1187/13
'NoneType' object has no attribute 'shape'
Skipping /data/ur/bukowy/LaViolette_Data/Prostates/1188/14
'NoneType' object has no attribute 'shape'
Skipping /data/ur/bukowy/LaViolette_Data/Prostates/1188/8
'NoneType' object has no attribute 'shape'
Skipping /data/ur/bukowy/LaViolette_Data/Prostates/1188/9
'NoneType' object has no attribute 'shape'
Skipping /data/ur/bukowy/LaViolette_Data/Prostates/1191/19
'NoneType' object has no attribute 'shape'
Skipping /data/ur/bukowy/LaViolette_Data/Prostates/1191/9
'NoneType' object has no attribute 'shape'
Skipping /data/ur/bukowy/LaViolette_Data/Prostates/1200/15
'NoneType' object has no attribute 'shape'
Skipping /data/ur/bukowy/LaViolette_Data/Prostates/1200/16
'NoneType' object has no attribute 'shape'
Skipping /data/ur/bukowy/LaViolette_Data/Prostates/1203/10
'NoneType' object has no attribute 'shape'
Skipping /data/ur/bukowy/LaViolette_Data/Prostates/1204/10
'NoneType' object has no attribute 'shape'
Skipping /data/ur/bukowy/LaViolette_Data/Prostates/1204/19
'NoneType' object has no attribute 'shape'
Skipping /data/ur/bukowy/LaViolette_Data/Prostates/1204/8
'NoneType' object has no attribute 'shape'
Skipping /data/ur/bukowy/LaViolette_Data/Prostates/1204/9
'NoneType' object has no attribute 'shape'
Skipping /data/ur/bukowy/LaViolette_Data/Prostates/1149/10
'NoneType' object has no attribute 'shape'
Skipping /data/ur/bukowy/LaViolette_Data/Prostates/1149/11
'NoneType' object has no attribute 'shape'
Skipping /data/ur/bukowy/LaViolette_Data/Prostates/1149/12
'NoneType' object has no attribute 'shape'
Skipping /data/ur/bukowy/LaViolette_Data/Prostates/1149/13
'NoneType' object has no attribute 'shape'
Skipping /data/ur/bukowy/LaViolette_Data/Prostates/1149/5
'NoneType' object has no attribute 'shape'
Skipping /data/ur/bukowy/LaViolette_Data/Prostates/1149/6
'NoneType' object has no attribute 'shape'
Skipping /data/ur/bukowy/LaViolette_Data/Prostates/1149/8
'NoneType' object has no attribute 'shape'
Skipping /data/ur/bukowy/LaViolette_Data/Prostates/1149/9
'NoneType' object has no attribute 'shape'
Skipping /data/ur/bukowy/LaViolette_Data/Prostates/1144/11
'NoneType' object has no attribute 'shape'
Skipping /data/ur/bukowy/LaViolette_Data/Prostates/1144/12
'NoneType' object has no attribute 'shape'
Skipping /data/ur/bukowy/LaViolette_Data/Prostates/1144/13
'NoneType' object has no attribute 'shape'
Skipping /data/ur/bukowy/LaViolette_Data/Prostates/1144/5
'NoneType' object has no attribute 'shape'
Skipping /data/ur/bukowy/LaViolette_Data/Prostates/1144/6
'NoneType' object has no attribute 'shape'
Skipping /data/ur/bukowy/LaViolette_Data/Prostates/1144/8
'NoneType' object has no attribute 'shape'
Skipping /data/ur/bukowy/LaViolette_Data/Prostates/1126/12
'NoneType' object has no attribute 'shape'
Skipping /data/ur/bukowy/LaViolette_Data/Prostates/1126/13
'NoneType' object has no attribute 'shape'
Skipping /data/ur/bukowy/LaViolette_Data/Prostates/1126/14
'NoneType' object has no attribute 'shape'
Skipping /data/ur/bukowy/LaViolette_Data/Prostates/1126/5
'NoneType' object has no attribute 'shape'
Skipping /data/ur/bukowy/LaViolette_Data/Prostates/1122/9
'NoneType' object has no attribute 'shape'
Skipping /data/ur/bukowy/LaViolette_Data/Prostates/1122/11
'NoneType' object has no attribute 'shape'
