MOFED version '4.9-2.2.6' not available in this container.
No matching alternate version found.
/home/nelsonni/.local/lib/python3.6/site-packages/torch/nn/functional.py:3635: UserWarning: Default upsampling behavior when mode=bilinear is changed to align_corners=False since 0.4.0. Please specify align_corners=True if the old behavior is desired. See the documentation of nn.Upsample for details.
  "See the documentation of nn.Upsample for details.".format(mode)
pixdim[1,2,3] should be non-zero; setting 0 dims to 1
pixdim[1,2,3] should be non-zero; setting 0 dims to 1
pixdim[1,2,3] should be non-zero; setting 0 dims to 1
pixdim[1,2,3] should be non-zero; setting 0 dims to 1
pixdim[1,2,3] should be non-zero; setting 0 dims to 1
pixdim[1,2,3] should be non-zero; setting 0 dims to 1
pixdim[1,2,3] should be non-zero; setting 0 dims to 1
pixdim[1,2,3] should be non-zero; setting 0 dims to 1
pixdim[1,2,3] should be non-zero; setting 0 dims to 1
pixdim[1,2,3] should be non-zero; setting 0 dims to 1
pixdim[1,2,3] should be non-zero; setting 0 dims to 1
pixdim[1,2,3] should be non-zero; setting 0 dims to 1
pixdim[1,2,3] should be non-zero; setting 0 dims to 1
pixdim[1,2,3] should be non-zero; setting 0 dims to 1
pixdim[1,2,3] should be non-zero; setting 0 dims to 1
pixdim[1,2,3] should be non-zero; setting 0 dims to 1
pixdim[1,2,3] should be non-zero; setting 0 dims to 1
pixdim[1,2,3] should be non-zero; setting 0 dims to 1
pixdim[1,2,3] should be non-zero; setting 0 dims to 1
pixdim[1,2,3] should be non-zero; setting 0 dims to 1
pixdim[1,2,3] should be non-zero; setting 0 dims to 1
pixdim[1,2,3] should be non-zero; setting 0 dims to 1
pixdim[1,2,3] should be non-zero; setting 0 dims to 1
pixdim[1,2,3] should be non-zero; setting 0 dims to 1
pixdim[1,2,3] should be non-zero; setting 0 dims to 1
pixdim[1,2,3] should be non-zero; setting 0 dims to 1
pixdim[1,2,3] should be non-zero; setting 0 dims to 1
pixdim[1,2,3] should be non-zero; setting 0 dims to 1
pixdim[1,2,3] should be non-zero; setting 0 dims to 1
pixdim[1,2,3] should be non-zero; setting 0 dims to 1
pixdim[1,2,3] should be non-zero; setting 0 dims to 1
pixdim[1,2,3] should be non-zero; setting 0 dims to 1
pixdim[1,2,3] should be non-zero; setting 0 dims to 1
pixdim[1,2,3] should be non-zero; setting 0 dims to 1
pixdim[1,2,3] should be non-zero; setting 0 dims to 1
pixdim[1,2,3] should be non-zero; setting 0 dims to 1
pixdim[1,2,3] should be non-zero; setting 0 dims to 1
pixdim[1,2,3] should be non-zero; setting 0 dims to 1
got to 2
1137 6
20
20
IMs SHAPE: torch.Size([3, 512, 512])
HERE
torch.Size([512, 512])
1137 7
20
20
IMs SHAPE: torch.Size([3, 512, 512])
HERE
torch.Size([512, 512])
1137 8
19
19
IMs SHAPE: torch.Size([3, 512, 512])
HERE
torch.Size([512, 512])
1137 9
21
21
IMs SHAPE: torch.Size([3, 512, 512])
HERE
torch.Size([512, 512])
1118 9
19
19
IMs SHAPE: torch.Size([3, 512, 512])
HERE
torch.Size([512, 512])
1118 11
20
20
IMs SHAPE: torch.Size([3, 512, 512])
HERE
torch.Size([512, 512])
1118 7
23
23
IMs SHAPE: torch.Size([3, 512, 512])
HERE
torch.Size([512, 512])
1118 10
20
20
IMs SHAPE: torch.Size([3, 512, 512])
HERE
torch.Size([512, 512])
1118 8
22
22
IMs SHAPE: torch.Size([3, 512, 512])
HERE
torch.Size([512, 512])
1102 10
20
20
IMs SHAPE: torch.Size([3, 512, 512])
HERE
torch.Size([512, 512])
1102 11
38
38
IMs SHAPE: torch.Size([3, 512, 512])
HERE
torch.Size([512, 512])
1102 12
22
22
IMs SHAPE: torch.Size([3, 512, 512])
HERE
torch.Size([512, 512])
1102 8
20
20
IMs SHAPE: torch.Size([3, 512, 512])
HERE
torch.Size([512, 512])
1102 9
22
22
IMs SHAPE: torch.Size([3, 512, 512])
HERE
torch.Size([512, 512])
1122 9
40
40
IMs SHAPE: torch.Size([3, 512, 512])
HERE
torch.Size([512, 512])
1122 7
38
38
IMs SHAPE: torch.Size([3, 512, 512])
HERE
torch.Size([512, 512])
1122 6
35
35
IMs SHAPE: torch.Size([3, 512, 512])
HERE
torch.Size([512, 512])
1122 10
46
46
IMs SHAPE: torch.Size([3, 512, 512])
HERE
torch.Size([512, 512])
1122 8
39
39
IMs SHAPE: torch.Size([3, 512, 512])
HERE
torch.Size([512, 512])
