MOFED version '4.9-2.2.6' not available in this container.
No matching alternate version found.
Traceback (most recent call last):
  File "/opt/conda/lib/python3.6/runpy.py", line 193, in _run_module_as_main
    "__main__", mod_spec)
  File "/opt/conda/lib/python3.6/runpy.py", line 85, in _run_code
    exec(code, run_globals)
  File "/home/nelsonni/laviolette/segmenter/segm/evaluate.py", line 218, in <module>
    main()
  File "/opt/conda/lib/python3.6/site-packages/click/core.py", line 829, in __call__
    return self.main(*args, **kwargs)
  File "/opt/conda/lib/python3.6/site-packages/click/core.py", line 782, in main
    rv = self.invoke(ctx)
  File "/opt/conda/lib/python3.6/site-packages/click/core.py", line 1066, in invoke
    return ctx.invoke(self.callback, **ctx.params)
  File "/opt/conda/lib/python3.6/site-packages/click/core.py", line 610, in invoke
    return callback(*args, **kwargs)
  File "/home/nelsonni/laviolette/segmenter/segm/evaluate.py", line 79, in main
    model, variant = load_model(model_dir)
  File "/home/nelsonni/laviolette/segmenter/segm/model/factory.py", line 115, in load_model
    with open(variant_path, "r") as f:
FileNotFoundError: [Errno 2] No such file or directory: 'variant.yml'
seg_tiny_mask_balanced
