MOFED version '4.9-2.2.6' not available in this container.
No matching alternate version found.
wandb: Currently logged in as: nigelnel (nigel_nelson). Use `wandb login --relogin` to force relogin
Starting process with rank 0...
Process 0 is connected.
All processes are connected.
wandb: wandb version 0.13.11 is available!  To upgrade, please run:
wandb:  $ pip install wandb --upgrade
wandb: Tracking run with wandb version 0.13.10
wandb: Run data is saved locally in /home/nelsonni/laviolette/segmenter/wandb/run-20230310_154310-sd6cwmre
wandb: Run `wandb offline` to turn off syncing.
wandb: Syncing run logical-firefly-20
wandb: ⭐️ View project at https://wandb.ai/nigel_nelson/segmenter_training
wandb: 🚀 View run at https://wandb.ai/nigel_nelson/segmenter_training/runs/sd6cwmre
wandb: Waiting for W&B process to finish... (failed 1). Press Control-C to abort syncing.
wandb: 🚀 View run logical-firefly-20 at: https://wandb.ai/nigel_nelson/segmenter_training/runs/sd6cwmre
wandb: Synced 5 W&B file(s), 0 media file(s), 0 artifact file(s) and 0 other file(s)
wandb: Find logs at: ./wandb/run-20230310_154310-sd6cwmre/logs
Traceback (most recent call last):
  File "/opt/conda/lib/python3.6/runpy.py", line 193, in _run_module_as_main
    "__main__", mod_spec)
  File "/opt/conda/lib/python3.6/runpy.py", line 85, in _run_code
    exec(code, run_globals)
  File "/home/nelsonni/laviolette/segmenter/segm/train_unet.py", line 359, in <module>
    main()
  File "/opt/conda/lib/python3.6/site-packages/click/core.py", line 829, in __call__
    return self.main(*args, **kwargs)
  File "/opt/conda/lib/python3.6/site-packages/click/core.py", line 782, in main
    rv = self.invoke(ctx)
  File "/opt/conda/lib/python3.6/site-packages/click/core.py", line 1066, in invoke
    return ctx.invoke(self.callback, **ctx.params)
  File "/opt/conda/lib/python3.6/site-packages/click/core.py", line 610, in invoke
    return callback(*args, **kwargs)
  File "/home/nelsonni/laviolette/segmenter/segm/train_unet.py", line 306, in main
    class_weights
  File "/home/nelsonni/laviolette/segmenter/segm/engine.py", line 31, in train_one_epoch
    for batch in logger.log_every(data_loader, print_freq, header):
  File "/home/nelsonni/laviolette/segmenter/segm/utils/logger.py", line 175, in log_every
    header, total_time_str, total_time / len(iterable)
ZeroDivisionError: float division by zero
Skipping /data/ur/bukowy/LaViolette_Data/Prostates/1104/6
Expected tensor to be a tensor image of size (..., C, H, W). Got tensor.size() = torch.Size([512, 512]).
Skipping /data/ur/bukowy/LaViolette_Data/Prostates/1104/7
Expected tensor to be a tensor image of size (..., C, H, W). Got tensor.size() = torch.Size([512, 512]).
Skipping /data/ur/bukowy/LaViolette_Data/Prostates/1104/8
Expected tensor to be a tensor image of size (..., C, H, W). Got tensor.size() = torch.Size([512, 512]).
Skipping /data/ur/bukowy/LaViolette_Data/Prostates/1104/9
Expected tensor to be a tensor image of size (..., C, H, W). Got tensor.size() = torch.Size([512, 512]).
Skipping /data/ur/bukowy/LaViolette_Data/Prostates/1105/10
Expected tensor to be a tensor image of size (..., C, H, W). Got tensor.size() = torch.Size([512, 512]).
Skipping /data/ur/bukowy/LaViolette_Data/Prostates/1105/12
Expected tensor to be a tensor image of size (..., C, H, W). Got tensor.size() = torch.Size([512, 512]).
Skipping /data/ur/bukowy/LaViolette_Data/Prostates/1105/13
Expected tensor to be a tensor image of size (..., C, H, W). Got tensor.size() = torch.Size([512, 512]).
Skipping /data/ur/bukowy/LaViolette_Data/Prostates/1105/14
Expected tensor to be a tensor image of size (..., C, H, W). Got tensor.size() = torch.Size([512, 512]).
Skipping /data/ur/bukowy/LaViolette_Data/Prostates/1105/15
Expected tensor to be a tensor image of size (..., C, H, W). Got tensor.size() = torch.Size([512, 512]).
Skipping /data/ur/bukowy/LaViolette_Data/Prostates/1105/19
Expected tensor to be a tensor image of size (..., C, H, W). Got tensor.size() = torch.Size([512, 512]).
Skipping /data/ur/bukowy/LaViolette_Data/Prostates/1107/10
'NoneType' object has no attribute 'shape'
Skipping /data/ur/bukowy/LaViolette_Data/Prostates/1107/11
'NoneType' object has no attribute 'shape'
Skipping /data/ur/bukowy/LaViolette_Data/Prostates/1107/12
'NoneType' object has no attribute 'shape'
Skipping /data/ur/bukowy/LaViolette_Data/Prostates/1107/13
'NoneType' object has no attribute 'shape'
Skipping /data/ur/bukowy/LaViolette_Data/Prostates/1107/5
'NoneType' object has no attribute 'shape'
Skipping /data/ur/bukowy/LaViolette_Data/Prostates/1107/6
'NoneType' object has no attribute 'shape'
Skipping /data/ur/bukowy/LaViolette_Data/Prostates/1107/7
'NoneType' object has no attribute 'shape'
Skipping /data/ur/bukowy/LaViolette_Data/Prostates/1107/8
'NoneType' object has no attribute 'shape'
Skipping /data/ur/bukowy/LaViolette_Data/Prostates/1107/9
Expected tensor to be a tensor image of size (..., C, H, W). Got tensor.size() = torch.Size([512, 512]).
Skipping /data/ur/bukowy/LaViolette_Data/Prostates/1111/9
'NoneType' object has no attribute 'shape'
Skipping /data/ur/bukowy/LaViolette_Data/Prostates/1111/11
Expected tensor to be a tensor image of size (..., C, H, W). Got tensor.size() = torch.Size([512, 512]).
Skipping /data/ur/bukowy/LaViolette_Data/Prostates/1111/7
'NoneType' object has no attribute 'shape'
Skipping /data/ur/bukowy/LaViolette_Data/Prostates/1111/6
Expected tensor to be a tensor image of size (..., C, H, W). Got tensor.size() = torch.Size([512, 512]).
Skipping /data/ur/bukowy/LaViolette_Data/Prostates/1111/10
Expected tensor to be a tensor image of size (..., C, H, W). Got tensor.size() = torch.Size([512, 512]).
Skipping /data/ur/bukowy/LaViolette_Data/Prostates/1111/8
Expected tensor to be a tensor image of size (..., C, H, W). Got tensor.size() = torch.Size([512, 512]).
Skipping /data/ur/bukowy/LaViolette_Data/Prostates/1111/5
'NoneType' object has no attribute 'shape'
Skipping /data/ur/bukowy/LaViolette_Data/Prostates/1118/9
Expected tensor to be a tensor image of size (..., C, H, W). Got tensor.size() = torch.Size([512, 512]).
Skipping /data/ur/bukowy/LaViolette_Data/Prostates/1118/11
Expected tensor to be a tensor image of size (..., C, H, W). Got tensor.size() = torch.Size([512, 512]).
Skipping /data/ur/bukowy/LaViolette_Data/Prostates/1118/7
Expected tensor to be a tensor image of size (..., C, H, W). Got tensor.size() = torch.Size([512, 512]).
Skipping /data/ur/bukowy/LaViolette_Data/Prostates/1118/6
'NoneType' object has no attribute 'shape'
Skipping /data/ur/bukowy/LaViolette_Data/Prostates/1118/10
Expected tensor to be a tensor image of size (..., C, H, W). Got tensor.size() = torch.Size([512, 512]).
Skipping /data/ur/bukowy/LaViolette_Data/Prostates/1118/8
Expected tensor to be a tensor image of size (..., C, H, W). Got tensor.size() = torch.Size([512, 512]).
Skipping /data/ur/bukowy/LaViolette_Data/Prostates/1118/15
'NoneType' object has no attribute 'shape'
Skipping /data/ur/bukowy/LaViolette_Data/Prostates/1118/12
'NoneType' object has no attribute 'shape'
Skipping /data/ur/bukowy/LaViolette_Data/Prostates/1118/13
'NoneType' object has no attribute 'shape'
Skipping /data/ur/bukowy/LaViolette_Data/Prostates/1118/14
'NoneType' object has no attribute 'shape'
Skipping /data/ur/bukowy/LaViolette_Data/Prostates/1121/9
Expected tensor to be a tensor image of size (..., C, H, W). Got tensor.size() = torch.Size([512, 512]).
Skipping /data/ur/bukowy/LaViolette_Data/Prostates/1121/11
Expected tensor to be a tensor image of size (..., C, H, W). Got tensor.size() = torch.Size([512, 512]).
Skipping /data/ur/bukowy/LaViolette_Data/Prostates/1121/7
Expected tensor to be a tensor image of size (..., C, H, W). Got tensor.size() = torch.Size([512, 512]).
Skipping /data/ur/bukowy/LaViolette_Data/Prostates/1121/6
'NoneType' object has no attribute 'shape'
Skipping /data/ur/bukowy/LaViolette_Data/Prostates/1121/10
Expected tensor to be a tensor image of size (..., C, H, W). Got tensor.size() = torch.Size([512, 512]).
Skipping /data/ur/bukowy/LaViolette_Data/Prostates/1121/8
Expected tensor to be a tensor image of size (..., C, H, W). Got tensor.size() = torch.Size([512, 512]).
Skipping /data/ur/bukowy/LaViolette_Data/Prostates/1123/10
Expected tensor to be a tensor image of size (..., C, H, W). Got tensor.size() = torch.Size([512, 512]).
Skipping /data/ur/bukowy/LaViolette_Data/Prostates/1123/11
'NoneType' object has no attribute 'shape'
Skipping /data/ur/bukowy/LaViolette_Data/Prostates/1123/12
'NoneType' object has no attribute 'shape'
Skipping /data/ur/bukowy/LaViolette_Data/Prostates/1123/5
'NoneType' object has no attribute 'shape'
Skipping /data/ur/bukowy/LaViolette_Data/Prostates/1123/6
'NoneType' object has no attribute 'shape'
Skipping /data/ur/bukowy/LaViolette_Data/Prostates/1123/7
Expected tensor to be a tensor image of size (..., C, H, W). Got tensor.size() = torch.Size([512, 512]).
Skipping /data/ur/bukowy/LaViolette_Data/Prostates/1123/8
Expected tensor to be a tensor image of size (..., C, H, W). Got tensor.size() = torch.Size([512, 512]).
Skipping /data/ur/bukowy/LaViolette_Data/Prostates/1123/9
Expected tensor to be a tensor image of size (..., C, H, W). Got tensor.size() = torch.Size([512, 512]).
Skipping /data/ur/bukowy/LaViolette_Data/Prostates/1124/9
Expected tensor to be a tensor image of size (..., C, H, W). Got tensor.size() = torch.Size([512, 512]).
Skipping /data/ur/bukowy/LaViolette_Data/Prostates/1124/11
Expected tensor to be a tensor image of size (..., C, H, W). Got tensor.size() = torch.Size([512, 512]).
Skipping /data/ur/bukowy/LaViolette_Data/Prostates/1124/10
Expected tensor to be a tensor image of size (..., C, H, W). Got tensor.size() = torch.Size([512, 512]).
Skipping /data/ur/bukowy/LaViolette_Data/Prostates/1124/12
Expected tensor to be a tensor image of size (..., C, H, W). Got tensor.size() = torch.Size([512, 512]).
Skipping /data/ur/bukowy/LaViolette_Data/Prostates/1124/13
'NoneType' object has no attribute 'shape'
Skipping /data/ur/bukowy/LaViolette_Data/Prostates/1124/5
'NoneType' object has no attribute 'shape'
Skipping /data/ur/bukowy/LaViolette_Data/Prostates/1124/6
Expected tensor to be a tensor image of size (..., C, H, W). Got tensor.size() = torch.Size([512, 512]).
Skipping /data/ur/bukowy/LaViolette_Data/Prostates/1124/7
Expected tensor to be a tensor image of size (..., C, H, W). Got tensor.size() = torch.Size([512, 512]).
Skipping /data/ur/bukowy/LaViolette_Data/Prostates/1124/8
Expected tensor to be a tensor image of size (..., C, H, W). Got tensor.size() = torch.Size([512, 512]).
Skipping /data/ur/bukowy/LaViolette_Data/Prostates/1125/10
Expected tensor to be a tensor image of size (..., C, H, W). Got tensor.size() = torch.Size([512, 512]).
Skipping /data/ur/bukowy/LaViolette_Data/Prostates/1125/11
Expected tensor to be a tensor image of size (..., C, H, W). Got tensor.size() = torch.Size([512, 512]).
Skipping /data/ur/bukowy/LaViolette_Data/Prostates/1125/12
'NoneType' object has no attribute 'shape'
Skipping /data/ur/bukowy/LaViolette_Data/Prostates/1125/5
'NoneType' object has no attribute 'shape'
Skipping /data/ur/bukowy/LaViolette_Data/Prostates/1125/6
'NoneType' object has no attribute 'shape'
Skipping /data/ur/bukowy/LaViolette_Data/Prostates/1125/7
Expected tensor to be a tensor image of size (..., C, H, W). Got tensor.size() = torch.Size([512, 512]).
Skipping /data/ur/bukowy/LaViolette_Data/Prostates/1125/8
Expected tensor to be a tensor image of size (..., C, H, W). Got tensor.size() = torch.Size([512, 512]).
Skipping /data/ur/bukowy/LaViolette_Data/Prostates/1125/9
Expected tensor to be a tensor image of size (..., C, H, W). Got tensor.size() = torch.Size([512, 512]).
Skipping /data/ur/bukowy/LaViolette_Data/Prostates/1128/10
Expected tensor to be a tensor image of size (..., C, H, W). Got tensor.size() = torch.Size([512, 512]).
Skipping /data/ur/bukowy/LaViolette_Data/Prostates/1128/11
Expected tensor to be a tensor image of size (..., C, H, W). Got tensor.size() = torch.Size([512, 512]).
Skipping /data/ur/bukowy/LaViolette_Data/Prostates/1128/12
Expected tensor to be a tensor image of size (..., C, H, W). Got tensor.size() = torch.Size([512, 512]).
Skipping /data/ur/bukowy/LaViolette_Data/Prostates/1128/13
'NoneType' object has no attribute 'shape'
Skipping /data/ur/bukowy/LaViolette_Data/Prostates/1128/14
'NoneType' object has no attribute 'shape'
Skipping /data/ur/bukowy/LaViolette_Data/Prostates/1128/6
'NoneType' object has no attribute 'shape'
Skipping /data/ur/bukowy/LaViolette_Data/Prostates/1128/7
Expected tensor to be a tensor image of size (..., C, H, W). Got tensor.size() = torch.Size([512, 512]).
Skipping /data/ur/bukowy/LaViolette_Data/Prostates/1128/8
Expected tensor to be a tensor image of size (..., C, H, W). Got tensor.size() = torch.Size([512, 512]).
Skipping /data/ur/bukowy/LaViolette_Data/Prostates/1128/9
Expected tensor to be a tensor image of size (..., C, H, W). Got tensor.size() = torch.Size([512, 512]).
Skipping /data/ur/bukowy/LaViolette_Data/Prostates/1129/10
'NoneType' object has no attribute 'shape'
Skipping /data/ur/bukowy/LaViolette_Data/Prostates/1129/11
'NoneType' object has no attribute 'shape'
Skipping /data/ur/bukowy/LaViolette_Data/Prostates/1129/5
'NoneType' object has no attribute 'shape'
Skipping /data/ur/bukowy/LaViolette_Data/Prostates/1129/6
'NoneType' object has no attribute 'shape'
Skipping /data/ur/bukowy/LaViolette_Data/Prostates/1129/7
'NoneType' object has no attribute 'shape'
Skipping /data/ur/bukowy/LaViolette_Data/Prostates/1129/8
Expected tensor to be a tensor image of size (..., C, H, W). Got tensor.size() = torch.Size([512, 512]).
Skipping /data/ur/bukowy/LaViolette_Data/Prostates/1129/9
Expected tensor to be a tensor image of size (..., C, H, W). Got tensor.size() = torch.Size([512, 512]).
Skipping /data/ur/bukowy/LaViolette_Data/Prostates/1131/10
'NoneType' object has no attribute 'shape'
Skipping /data/ur/bukowy/LaViolette_Data/Prostates/1131/11
'NoneType' object has no attribute 'shape'
Skipping /data/ur/bukowy/LaViolette_Data/Prostates/1131/5
Expected tensor to be a tensor image of size (..., C, H, W). Got tensor.size() = torch.Size([512, 512]).
Skipping /data/ur/bukowy/LaViolette_Data/Prostates/1131/6
Expected tensor to be a tensor image of size (..., C, H, W). Got tensor.size() = torch.Size([512, 512]).
Skipping /data/ur/bukowy/LaViolette_Data/Prostates/1131/7
Expected tensor to be a tensor image of size (..., C, H, W). Got tensor.size() = torch.Size([512, 512]).
Skipping /data/ur/bukowy/LaViolette_Data/Prostates/1131/8
Expected tensor to be a tensor image of size (..., C, H, W). Got tensor.size() = torch.Size([512, 512]).
Skipping /data/ur/bukowy/LaViolette_Data/Prostates/1131/9
'NoneType' object has no attribute 'shape'
Skipping /data/ur/bukowy/LaViolette_Data/Prostates/1132/10
Expected tensor to be a tensor image of size (..., C, H, W). Got tensor.size() = torch.Size([512, 512]).
Skipping /data/ur/bukowy/LaViolette_Data/Prostates/1132/11
'NoneType' object has no attribute 'shape'
Skipping /data/ur/bukowy/LaViolette_Data/Prostates/1132/12
Expected tensor to be a tensor image of size (..., C, H, W). Got tensor.size() = torch.Size([512, 512]).
Skipping /data/ur/bukowy/LaViolette_Data/Prostates/1132/13
'NoneType' object has no attribute 'shape'
Skipping /data/ur/bukowy/LaViolette_Data/Prostates/1132/14
'NoneType' object has no attribute 'shape'
Skipping /data/ur/bukowy/LaViolette_Data/Prostates/1132/6
Expected tensor to be a tensor image of size (..., C, H, W). Got tensor.size() = torch.Size([512, 512]).
Skipping /data/ur/bukowy/LaViolette_Data/Prostates/1132/7
Expected tensor to be a tensor image of size (..., C, H, W). Got tensor.size() = torch.Size([512, 512]).
Skipping /data/ur/bukowy/LaViolette_Data/Prostates/1132/8
Expected tensor to be a tensor image of size (..., C, H, W). Got tensor.size() = torch.Size([512, 512]).
Skipping /data/ur/bukowy/LaViolette_Data/Prostates/1132/9
Expected tensor to be a tensor image of size (..., C, H, W). Got tensor.size() = torch.Size([512, 512]).
Skipping /data/ur/bukowy/LaViolette_Data/Prostates/1134/10
'NoneType' object has no attribute 'shape'
Skipping /data/ur/bukowy/LaViolette_Data/Prostates/1134/11
Expected tensor to be a tensor image of size (..., C, H, W). Got tensor.size() = torch.Size([512, 512]).
Skipping /data/ur/bukowy/LaViolette_Data/Prostates/1134/12
Expected tensor to be a tensor image of size (..., C, H, W). Got tensor.size() = torch.Size([512, 512]).
Skipping /data/ur/bukowy/LaViolette_Data/Prostates/1134/7
'NoneType' object has no attribute 'shape'
Skipping /data/ur/bukowy/LaViolette_Data/Prostates/1134/8
'NoneType' object has no attribute 'shape'
Skipping /data/ur/bukowy/LaViolette_Data/Prostates/1134/9
'NoneType' object has no attribute 'shape'
Skipping /data/ur/bukowy/LaViolette_Data/Prostates/1136/10
'NoneType' object has no attribute 'shape'
Skipping /data/ur/bukowy/LaViolette_Data/Prostates/1136/11
'NoneType' object has no attribute 'shape'
Skipping /data/ur/bukowy/LaViolette_Data/Prostates/1136/12
'NoneType' object has no attribute 'shape'
Skipping /data/ur/bukowy/LaViolette_Data/Prostates/1136/13
'NoneType' object has no attribute 'shape'
Skipping /data/ur/bukowy/LaViolette_Data/Prostates/1136/14
'NoneType' object has no attribute 'shape'
Skipping /data/ur/bukowy/LaViolette_Data/Prostates/1136/15
'NoneType' object has no attribute 'shape'
Skipping /data/ur/bukowy/LaViolette_Data/Prostates/1136/6
Expected tensor to be a tensor image of size (..., C, H, W). Got tensor.size() = torch.Size([512, 512]).
Skipping /data/ur/bukowy/LaViolette_Data/Prostates/1136/7
'NoneType' object has no attribute 'shape'
Skipping /data/ur/bukowy/LaViolette_Data/Prostates/1136/8
Expected tensor to be a tensor image of size (..., C, H, W). Got tensor.size() = torch.Size([512, 512]).
Skipping /data/ur/bukowy/LaViolette_Data/Prostates/1136/9
Expected tensor to be a tensor image of size (..., C, H, W). Got tensor.size() = torch.Size([512, 512]).
Skipping /data/ur/bukowy/LaViolette_Data/Prostates/1137/10
'NoneType' object has no attribute 'shape'
Skipping /data/ur/bukowy/LaViolette_Data/Prostates/1137/11
'NoneType' object has no attribute 'shape'
Skipping /data/ur/bukowy/LaViolette_Data/Prostates/1137/5
'NoneType' object has no attribute 'shape'
Skipping /data/ur/bukowy/LaViolette_Data/Prostates/1137/6
Expected tensor to be a tensor image of size (..., C, H, W). Got tensor.size() = torch.Size([512, 512]).
Skipping /data/ur/bukowy/LaViolette_Data/Prostates/1137/7
Expected tensor to be a tensor image of size (..., C, H, W). Got tensor.size() = torch.Size([512, 512]).
Skipping /data/ur/bukowy/LaViolette_Data/Prostates/1137/8
Expected tensor to be a tensor image of size (..., C, H, W). Got tensor.size() = torch.Size([512, 512]).
Skipping /data/ur/bukowy/LaViolette_Data/Prostates/1137/9
Expected tensor to be a tensor image of size (..., C, H, W). Got tensor.size() = torch.Size([512, 512]).
Skipping /data/ur/bukowy/LaViolette_Data/Prostates/1138/10
'NoneType' object has no attribute 'shape'
Skipping /data/ur/bukowy/LaViolette_Data/Prostates/1138/5
Expected tensor to be a tensor image of size (..., C, H, W). Got tensor.size() = torch.Size([512, 512]).
Skipping /data/ur/bukowy/LaViolette_Data/Prostates/1138/6
'NoneType' object has no attribute 'shape'
Skipping /data/ur/bukowy/LaViolette_Data/Prostates/1138/7
'NoneType' object has no attribute 'shape'
Skipping /data/ur/bukowy/LaViolette_Data/Prostates/1138/8
'NoneType' object has no attribute 'shape'
Skipping /data/ur/bukowy/LaViolette_Data/Prostates/1138/9
'NoneType' object has no attribute 'shape'
Skipping /data/ur/bukowy/LaViolette_Data/Prostates/1140/10
Expected tensor to be a tensor image of size (..., C, H, W). Got tensor.size() = torch.Size([512, 512]).
Skipping /data/ur/bukowy/LaViolette_Data/Prostates/1140/11
Expected tensor to be a tensor image of size (..., C, H, W). Got tensor.size() = torch.Size([512, 512]).
Skipping /data/ur/bukowy/LaViolette_Data/Prostates/1140/12
Expected tensor to be a tensor image of size (..., C, H, W). Got tensor.size() = torch.Size([512, 512]).
Skipping /data/ur/bukowy/LaViolette_Data/Prostates/1140/13
Expected tensor to be a tensor image of size (..., C, H, W). Got tensor.size() = torch.Size([512, 512]).
Skipping /data/ur/bukowy/LaViolette_Data/Prostates/1140/14
'NoneType' object has no attribute 'shape'
Skipping /data/ur/bukowy/LaViolette_Data/Prostates/1140/15
'NoneType' object has no attribute 'shape'
Skipping /data/ur/bukowy/LaViolette_Data/Prostates/1140/16
'NoneType' object has no attribute 'shape'
Skipping /data/ur/bukowy/LaViolette_Data/Prostates/1140/17
'NoneType' object has no attribute 'shape'
Skipping /data/ur/bukowy/LaViolette_Data/Prostates/1140/7
Expected tensor to be a tensor image of size (..., C, H, W). Got tensor.size() = torch.Size([512, 512]).
Skipping /data/ur/bukowy/LaViolette_Data/Prostates/1140/8
Expected tensor to be a tensor image of size (..., C, H, W). Got tensor.size() = torch.Size([512, 512]).
Skipping /data/ur/bukowy/LaViolette_Data/Prostates/1140/9
Expected tensor to be a tensor image of size (..., C, H, W). Got tensor.size() = torch.Size([512, 512]).
Skipping /data/ur/bukowy/LaViolette_Data/Prostates/1141/10
'NoneType' object has no attribute 'shape'
Skipping /data/ur/bukowy/LaViolette_Data/Prostates/1141/11
'NoneType' object has no attribute 'shape'
Skipping /data/ur/bukowy/LaViolette_Data/Prostates/1141/12
'NoneType' object has no attribute 'shape'
Skipping /data/ur/bukowy/LaViolette_Data/Prostates/1141/5
Expected tensor to be a tensor image of size (..., C, H, W). Got tensor.size() = torch.Size([512, 512]).
Skipping /data/ur/bukowy/LaViolette_Data/Prostates/1141/6
Expected tensor to be a tensor image of size (..., C, H, W). Got tensor.size() = torch.Size([512, 512]).
Skipping /data/ur/bukowy/LaViolette_Data/Prostates/1141/7
Expected tensor to be a tensor image of size (..., C, H, W). Got tensor.size() = torch.Size([512, 512]).
Skipping /data/ur/bukowy/LaViolette_Data/Prostates/1141/8
Expected tensor to be a tensor image of size (..., C, H, W). Got tensor.size() = torch.Size([512, 512]).
Skipping /data/ur/bukowy/LaViolette_Data/Prostates/1141/9
'NoneType' object has no attribute 'shape'
Skipping /data/ur/bukowy/LaViolette_Data/Prostates/1142/5
'NoneType' object has no attribute 'shape'
Skipping /data/ur/bukowy/LaViolette_Data/Prostates/1142/6
Expected tensor to be a tensor image of size (..., C, H, W). Got tensor.size() = torch.Size([512, 512]).
Skipping /data/ur/bukowy/LaViolette_Data/Prostates/1142/7
Expected tensor to be a tensor image of size (..., C, H, W). Got tensor.size() = torch.Size([512, 512]).
Skipping /data/ur/bukowy/LaViolette_Data/Prostates/1142/8
Expected tensor to be a tensor image of size (..., C, H, W). Got tensor.size() = torch.Size([512, 512]).
Skipping /data/ur/bukowy/LaViolette_Data/Prostates/1142/9
Expected tensor to be a tensor image of size (..., C, H, W). Got tensor.size() = torch.Size([512, 512]).
Skipping /data/ur/bukowy/LaViolette_Data/Prostates/1147/10
Expected tensor to be a tensor image of size (..., C, H, W). Got tensor.size() = torch.Size([512, 512]).
Skipping /data/ur/bukowy/LaViolette_Data/Prostates/1147/11
Expected tensor to be a tensor image of size (..., C, H, W). Got tensor.size() = torch.Size([512, 512]).
Skipping /data/ur/bukowy/LaViolette_Data/Prostates/1147/12
Expected tensor to be a tensor image of size (..., C, H, W). Got tensor.size() = torch.Size([512, 512]).
Skipping /data/ur/bukowy/LaViolette_Data/Prostates/1147/13
Expected tensor to be a tensor image of size (..., C, H, W). Got tensor.size() = torch.Size([512, 512]).
Skipping /data/ur/bukowy/LaViolette_Data/Prostates/1147/14
Expected tensor to be a tensor image of size (..., C, H, W). Got tensor.size() = torch.Size([512, 512]).
Skipping /data/ur/bukowy/LaViolette_Data/Prostates/1147/15
'NoneType' object has no attribute 'shape'
Skipping /data/ur/bukowy/LaViolette_Data/Prostates/1147/5
'NoneType' object has no attribute 'shape'
Skipping /data/ur/bukowy/LaViolette_Data/Prostates/1147/6
Expected tensor to be a tensor image of size (..., C, H, W). Got tensor.size() = torch.Size([512, 512]).
Skipping /data/ur/bukowy/LaViolette_Data/Prostates/1147/7
Expected tensor to be a tensor image of size (..., C, H, W). Got tensor.size() = torch.Size([512, 512]).
Skipping /data/ur/bukowy/LaViolette_Data/Prostates/1147/8
Expected tensor to be a tensor image of size (..., C, H, W). Got tensor.size() = torch.Size([512, 512]).
Skipping /data/ur/bukowy/LaViolette_Data/Prostates/1147/9
Expected tensor to be a tensor image of size (..., C, H, W). Got tensor.size() = torch.Size([512, 512]).
Skipping /data/ur/bukowy/LaViolette_Data/Prostates/1148/10
'NoneType' object has no attribute 'shape'
Skipping /data/ur/bukowy/LaViolette_Data/Prostates/1148/11
'NoneType' object has no attribute 'shape'
Skipping /data/ur/bukowy/LaViolette_Data/Prostates/1148/12
'NoneType' object has no attribute 'shape'
Skipping /data/ur/bukowy/LaViolette_Data/Prostates/1148/5
Expected tensor to be a tensor image of size (..., C, H, W). Got tensor.size() = torch.Size([512, 512]).
Skipping /data/ur/bukowy/LaViolette_Data/Prostates/1148/6
Expected tensor to be a tensor image of size (..., C, H, W). Got tensor.size() = torch.Size([512, 512]).
Skipping /data/ur/bukowy/LaViolette_Data/Prostates/1148/7
Expected tensor to be a tensor image of size (..., C, H, W). Got tensor.size() = torch.Size([512, 512]).
Skipping /data/ur/bukowy/LaViolette_Data/Prostates/1148/8
Expected tensor to be a tensor image of size (..., C, H, W). Got tensor.size() = torch.Size([512, 512]).
Skipping /data/ur/bukowy/LaViolette_Data/Prostates/1148/9
Expected tensor to be a tensor image of size (..., C, H, W). Got tensor.size() = torch.Size([512, 512]).
Skipping /data/ur/bukowy/LaViolette_Data/Prostates/1154/10
Expected tensor to be a tensor image of size (..., C, H, W). Got tensor.size() = torch.Size([512, 512]).
Skipping /data/ur/bukowy/LaViolette_Data/Prostates/1154/11
Expected tensor to be a tensor image of size (..., C, H, W). Got tensor.size() = torch.Size([512, 512]).
Skipping /data/ur/bukowy/LaViolette_Data/Prostates/1154/12
Expected tensor to be a tensor image of size (..., C, H, W). Got tensor.size() = torch.Size([512, 512]).
Skipping /data/ur/bukowy/LaViolette_Data/Prostates/1154/13
Expected tensor to be a tensor image of size (..., C, H, W). Got tensor.size() = torch.Size([512, 512]).
Skipping /data/ur/bukowy/LaViolette_Data/Prostates/1154/14
'NoneType' object has no attribute 'shape'
Skipping /data/ur/bukowy/LaViolette_Data/Prostates/1154/15
'NoneType' object has no attribute 'shape'
Skipping /data/ur/bukowy/LaViolette_Data/Prostates/1154/5
'NoneType' object has no attribute 'shape'
Skipping /data/ur/bukowy/LaViolette_Data/Prostates/1154/6
'NoneType' object has no attribute 'shape'
Skipping /data/ur/bukowy/LaViolette_Data/Prostates/1154/7
Expected tensor to be a tensor image of size (..., C, H, W). Got tensor.size() = torch.Size([512, 512]).
Skipping /data/ur/bukowy/LaViolette_Data/Prostates/1154/8
Expected tensor to be a tensor image of size (..., C, H, W). Got tensor.size() = torch.Size([512, 512]).
Skipping /data/ur/bukowy/LaViolette_Data/Prostates/1154/9
Expected tensor to be a tensor image of size (..., C, H, W). Got tensor.size() = torch.Size([512, 512]).
Skipping /data/ur/bukowy/LaViolette_Data/Prostates/1155/10
Expected tensor to be a tensor image of size (..., C, H, W). Got tensor.size() = torch.Size([512, 512]).
Skipping /data/ur/bukowy/LaViolette_Data/Prostates/1155/11
Expected tensor to be a tensor image of size (..., C, H, W). Got tensor.size() = torch.Size([512, 512]).
Skipping /data/ur/bukowy/LaViolette_Data/Prostates/1155/12
Expected tensor to be a tensor image of size (..., C, H, W). Got tensor.size() = torch.Size([512, 512]).
Skipping /data/ur/bukowy/LaViolette_Data/Prostates/1155/13
'NoneType' object has no attribute 'shape'
Skipping /data/ur/bukowy/LaViolette_Data/Prostates/1155/14
'NoneType' object has no attribute 'shape'
Skipping /data/ur/bukowy/LaViolette_Data/Prostates/1155/7
Expected tensor to be a tensor image of size (..., C, H, W). Got tensor.size() = torch.Size([512, 512]).
Skipping /data/ur/bukowy/LaViolette_Data/Prostates/1155/8
Expected tensor to be a tensor image of size (..., C, H, W). Got tensor.size() = torch.Size([512, 512]).
Skipping /data/ur/bukowy/LaViolette_Data/Prostates/1155/9
Expected tensor to be a tensor image of size (..., C, H, W). Got tensor.size() = torch.Size([512, 512]).
Skipping /data/ur/bukowy/LaViolette_Data/Prostates/1158/10
Expected tensor to be a tensor image of size (..., C, H, W). Got tensor.size() = torch.Size([512, 512]).
Skipping /data/ur/bukowy/LaViolette_Data/Prostates/1158/11
Expected tensor to be a tensor image of size (..., C, H, W). Got tensor.size() = torch.Size([512, 512]).
Skipping /data/ur/bukowy/LaViolette_Data/Prostates/1158/12
Expected tensor to be a tensor image of size (..., C, H, W). Got tensor.size() = torch.Size([512, 512]).
Skipping /data/ur/bukowy/LaViolette_Data/Prostates/1158/13
'NoneType' object has no attribute 'shape'
Skipping /data/ur/bukowy/LaViolette_Data/Prostates/1158/14
Expected tensor to be a tensor image of size (..., C, H, W). Got tensor.size() = torch.Size([512, 512]).
Skipping /data/ur/bukowy/LaViolette_Data/Prostates/1158/15
'NoneType' object has no attribute 'shape'
Skipping /data/ur/bukowy/LaViolette_Data/Prostates/1158/9
Expected tensor to be a tensor image of size (..., C, H, W). Got tensor.size() = torch.Size([512, 512]).
Skipping /data/ur/bukowy/LaViolette_Data/Prostates/1159/10
Expected tensor to be a tensor image of size (..., C, H, W). Got tensor.size() = torch.Size([512, 512]).
Skipping /data/ur/bukowy/LaViolette_Data/Prostates/1159/11
Expected tensor to be a tensor image of size (..., C, H, W). Got tensor.size() = torch.Size([512, 512]).
Skipping /data/ur/bukowy/LaViolette_Data/Prostates/1159/12
'NoneType' object has no attribute 'shape'
Skipping /data/ur/bukowy/LaViolette_Data/Prostates/1159/13
'NoneType' object has no attribute 'shape'
Skipping /data/ur/bukowy/LaViolette_Data/Prostates/1159/14
'NoneType' object has no attribute 'shape'
Skipping /data/ur/bukowy/LaViolette_Data/Prostates/1159/5
Expected tensor to be a tensor image of size (..., C, H, W). Got tensor.size() = torch.Size([512, 512]).
Skipping /data/ur/bukowy/LaViolette_Data/Prostates/1159/6
Expected tensor to be a tensor image of size (..., C, H, W). Got tensor.size() = torch.Size([512, 512]).
Skipping /data/ur/bukowy/LaViolette_Data/Prostates/1159/7
Expected tensor to be a tensor image of size (..., C, H, W). Got tensor.size() = torch.Size([512, 512]).
Skipping /data/ur/bukowy/LaViolette_Data/Prostates/1159/8
Expected tensor to be a tensor image of size (..., C, H, W). Got tensor.size() = torch.Size([512, 512]).
Skipping /data/ur/bukowy/LaViolette_Data/Prostates/1159/9
Expected tensor to be a tensor image of size (..., C, H, W). Got tensor.size() = torch.Size([512, 512]).
Skipping /data/ur/bukowy/LaViolette_Data/Prostates/1185/10
Expected tensor to be a tensor image of size (..., C, H, W). Got tensor.size() = torch.Size([512, 512]).
Skipping /data/ur/bukowy/LaViolette_Data/Prostates/1185/11
Expected tensor to be a tensor image of size (..., C, H, W). Got tensor.size() = torch.Size([512, 512]).
Skipping /data/ur/bukowy/LaViolette_Data/Prostates/1185/6
Expected tensor to be a tensor image of size (..., C, H, W). Got tensor.size() = torch.Size([512, 512]).
Skipping /data/ur/bukowy/LaViolette_Data/Prostates/1185/7
Expected tensor to be a tensor image of size (..., C, H, W). Got tensor.size() = torch.Size([512, 512]).
Skipping /data/ur/bukowy/LaViolette_Data/Prostates/1185/8
Expected tensor to be a tensor image of size (..., C, H, W). Got tensor.size() = torch.Size([512, 512]).
Skipping /data/ur/bukowy/LaViolette_Data/Prostates/1185/9
Expected tensor to be a tensor image of size (..., C, H, W). Got tensor.size() = torch.Size([512, 512]).
Skipping /data/ur/bukowy/LaViolette_Data/Prostates/1187/10
Expected tensor to be a tensor image of size (..., C, H, W). Got tensor.size() = torch.Size([512, 512]).
Skipping /data/ur/bukowy/LaViolette_Data/Prostates/1187/11
Expected tensor to be a tensor image of size (..., C, H, W). Got tensor.size() = torch.Size([512, 512]).
Skipping /data/ur/bukowy/LaViolette_Data/Prostates/1187/12
'NoneType' object has no attribute 'shape'
Skipping /data/ur/bukowy/LaViolette_Data/Prostates/1187/13
'NoneType' object has no attribute 'shape'
Skipping /data/ur/bukowy/LaViolette_Data/Prostates/1187/14
Expected tensor to be a tensor image of size (..., C, H, W). Got tensor.size() = torch.Size([512, 512]).
Skipping /data/ur/bukowy/LaViolette_Data/Prostates/1187/5
Expected tensor to be a tensor image of size (..., C, H, W). Got tensor.size() = torch.Size([512, 512]).
Skipping /data/ur/bukowy/LaViolette_Data/Prostates/1187/6
Expected tensor to be a tensor image of size (..., C, H, W). Got tensor.size() = torch.Size([512, 512]).
Skipping /data/ur/bukowy/LaViolette_Data/Prostates/1187/7
Expected tensor to be a tensor image of size (..., C, H, W). Got tensor.size() = torch.Size([512, 512]).
Skipping /data/ur/bukowy/LaViolette_Data/Prostates/1187/8
Expected tensor to be a tensor image of size (..., C, H, W). Got tensor.size() = torch.Size([512, 512]).
Skipping /data/ur/bukowy/LaViolette_Data/Prostates/1187/9
Expected tensor to be a tensor image of size (..., C, H, W). Got tensor.size() = torch.Size([512, 512]).
Skipping /data/ur/bukowy/LaViolette_Data/Prostates/1188/10
Expected tensor to be a tensor image of size (..., C, H, W). Got tensor.size() = torch.Size([512, 512]).
Skipping /data/ur/bukowy/LaViolette_Data/Prostates/1188/11
Expected tensor to be a tensor image of size (..., C, H, W). Got tensor.size() = torch.Size([512, 512]).
Skipping /data/ur/bukowy/LaViolette_Data/Prostates/1188/12
Expected tensor to be a tensor image of size (..., C, H, W). Got tensor.size() = torch.Size([512, 512]).
Skipping /data/ur/bukowy/LaViolette_Data/Prostates/1188/13
Expected tensor to be a tensor image of size (..., C, H, W). Got tensor.size() = torch.Size([512, 512]).
Skipping /data/ur/bukowy/LaViolette_Data/Prostates/1188/14
'NoneType' object has no attribute 'shape'
Skipping /data/ur/bukowy/LaViolette_Data/Prostates/1188/5
Expected tensor to be a tensor image of size (..., C, H, W). Got tensor.size() = torch.Size([512, 512]).
Skipping /data/ur/bukowy/LaViolette_Data/Prostates/1188/6
Expected tensor to be a tensor image of size (..., C, H, W). Got tensor.size() = torch.Size([512, 512]).
Skipping /data/ur/bukowy/LaViolette_Data/Prostates/1188/7
Expected tensor to be a tensor image of size (..., C, H, W). Got tensor.size() = torch.Size([512, 512]).
Skipping /data/ur/bukowy/LaViolette_Data/Prostates/1188/8
'NoneType' object has no attribute 'shape'
Skipping /data/ur/bukowy/LaViolette_Data/Prostates/1188/9
'NoneType' object has no attribute 'shape'
Skipping /data/ur/bukowy/LaViolette_Data/Prostates/1191/10
Expected tensor to be a tensor image of size (..., C, H, W). Got tensor.size() = torch.Size([512, 512]).
Skipping /data/ur/bukowy/LaViolette_Data/Prostates/1191/11
Expected tensor to be a tensor image of size (..., C, H, W). Got tensor.size() = torch.Size([512, 512]).
Skipping /data/ur/bukowy/LaViolette_Data/Prostates/1191/12
Expected tensor to be a tensor image of size (..., C, H, W). Got tensor.size() = torch.Size([512, 512]).
Skipping /data/ur/bukowy/LaViolette_Data/Prostates/1191/13
Expected tensor to be a tensor image of size (..., C, H, W). Got tensor.size() = torch.Size([512, 512]).
Skipping /data/ur/bukowy/LaViolette_Data/Prostates/1191/14
Expected tensor to be a tensor image of size (..., C, H, W). Got tensor.size() = torch.Size([512, 512]).
Skipping /data/ur/bukowy/LaViolette_Data/Prostates/1191/15
Expected tensor to be a tensor image of size (..., C, H, W). Got tensor.size() = torch.Size([512, 512]).
Skipping /data/ur/bukowy/LaViolette_Data/Prostates/1191/16
Expected tensor to be a tensor image of size (..., C, H, W). Got tensor.size() = torch.Size([512, 512]).
Skipping /data/ur/bukowy/LaViolette_Data/Prostates/1191/17
Expected tensor to be a tensor image of size (..., C, H, W). Got tensor.size() = torch.Size([512, 512]).
Skipping /data/ur/bukowy/LaViolette_Data/Prostates/1191/18
Expected tensor to be a tensor image of size (..., C, H, W). Got tensor.size() = torch.Size([512, 512]).
Skipping /data/ur/bukowy/LaViolette_Data/Prostates/1191/19
'NoneType' object has no attribute 'shape'
Skipping /data/ur/bukowy/LaViolette_Data/Prostates/1191/9
'NoneType' object has no attribute 'shape'
Skipping /data/ur/bukowy/LaViolette_Data/Prostates/1200/10
Expected tensor to be a tensor image of size (..., C, H, W). Got tensor.size() = torch.Size([512, 512]).
Skipping /data/ur/bukowy/LaViolette_Data/Prostates/1200/11
Expected tensor to be a tensor image of size (..., C, H, W). Got tensor.size() = torch.Size([512, 512]).
Skipping /data/ur/bukowy/LaViolette_Data/Prostates/1200/12
Expected tensor to be a tensor image of size (..., C, H, W). Got tensor.size() = torch.Size([512, 512]).
Skipping /data/ur/bukowy/LaViolette_Data/Prostates/1200/13
Expected tensor to be a tensor image of size (..., C, H, W). Got tensor.size() = torch.Size([512, 512]).
Skipping /data/ur/bukowy/LaViolette_Data/Prostates/1200/14
Expected tensor to be a tensor image of size (..., C, H, W). Got tensor.size() = torch.Size([512, 512]).
Skipping /data/ur/bukowy/LaViolette_Data/Prostates/1200/15
'NoneType' object has no attribute 'shape'
Skipping /data/ur/bukowy/LaViolette_Data/Prostates/1200/16
'NoneType' object has no attribute 'shape'
Skipping /data/ur/bukowy/LaViolette_Data/Prostates/1200/17
Expected tensor to be a tensor image of size (..., C, H, W). Got tensor.size() = torch.Size([512, 512]).
Skipping /data/ur/bukowy/LaViolette_Data/Prostates/1200/8
Expected tensor to be a tensor image of size (..., C, H, W). Got tensor.size() = torch.Size([512, 512]).
Skipping /data/ur/bukowy/LaViolette_Data/Prostates/1200/9
Expected tensor to be a tensor image of size (..., C, H, W). Got tensor.size() = torch.Size([512, 512]).
Skipping /data/ur/bukowy/LaViolette_Data/Prostates/1203/10
'NoneType' object has no attribute 'shape'
Skipping /data/ur/bukowy/LaViolette_Data/Prostates/1203/11
Expected tensor to be a tensor image of size (..., C, H, W). Got tensor.size() = torch.Size([512, 512]).
Skipping /data/ur/bukowy/LaViolette_Data/Prostates/1203/12
Expected tensor to be a tensor image of size (..., C, H, W). Got tensor.size() = torch.Size([512, 512]).
Skipping /data/ur/bukowy/LaViolette_Data/Prostates/1203/13
Expected tensor to be a tensor image of size (..., C, H, W). Got tensor.size() = torch.Size([512, 512]).
Skipping /data/ur/bukowy/LaViolette_Data/Prostates/1203/14
Expected tensor to be a tensor image of size (..., C, H, W). Got tensor.size() = torch.Size([512, 512]).
Skipping /data/ur/bukowy/LaViolette_Data/Prostates/1203/8
Expected tensor to be a tensor image of size (..., C, H, W). Got tensor.size() = torch.Size([512, 512]).
Skipping /data/ur/bukowy/LaViolette_Data/Prostates/1203/9
Expected tensor to be a tensor image of size (..., C, H, W). Got tensor.size() = torch.Size([512, 512]).
Skipping /data/ur/bukowy/LaViolette_Data/Prostates/1204/10
'NoneType' object has no attribute 'shape'
Skipping /data/ur/bukowy/LaViolette_Data/Prostates/1204/11
Expected tensor to be a tensor image of size (..., C, H, W). Got tensor.size() = torch.Size([512, 512]).
Skipping /data/ur/bukowy/LaViolette_Data/Prostates/1204/12
Expected tensor to be a tensor image of size (..., C, H, W). Got tensor.size() = torch.Size([512, 512]).
Skipping /data/ur/bukowy/LaViolette_Data/Prostates/1204/13
Expected tensor to be a tensor image of size (..., C, H, W). Got tensor.size() = torch.Size([512, 512]).
Skipping /data/ur/bukowy/LaViolette_Data/Prostates/1204/14
Expected tensor to be a tensor image of size (..., C, H, W). Got tensor.size() = torch.Size([512, 512]).
Skipping /data/ur/bukowy/LaViolette_Data/Prostates/1204/15
Expected tensor to be a tensor image of size (..., C, H, W). Got tensor.size() = torch.Size([512, 512]).
Skipping /data/ur/bukowy/LaViolette_Data/Prostates/1204/16
Expected tensor to be a tensor image of size (..., C, H, W). Got tensor.size() = torch.Size([512, 512]).
Skipping /data/ur/bukowy/LaViolette_Data/Prostates/1204/17
Expected tensor to be a tensor image of size (..., C, H, W). Got tensor.size() = torch.Size([512, 512]).
Skipping /data/ur/bukowy/LaViolette_Data/Prostates/1204/18
Expected tensor to be a tensor image of size (..., C, H, W). Got tensor.size() = torch.Size([512, 512]).
Skipping /data/ur/bukowy/LaViolette_Data/Prostates/1204/19
'NoneType' object has no attribute 'shape'
Skipping /data/ur/bukowy/LaViolette_Data/Prostates/1204/8
'NoneType' object has no attribute 'shape'
Skipping /data/ur/bukowy/LaViolette_Data/Prostates/1204/9
'NoneType' object has no attribute 'shape'
Skipping /data/ur/bukowy/LaViolette_Data/Prostates/1149/10
'NoneType' object has no attribute 'shape'
Skipping /data/ur/bukowy/LaViolette_Data/Prostates/1149/11
'NoneType' object has no attribute 'shape'
Skipping /data/ur/bukowy/LaViolette_Data/Prostates/1149/12
'NoneType' object has no attribute 'shape'
Skipping /data/ur/bukowy/LaViolette_Data/Prostates/1149/13
'NoneType' object has no attribute 'shape'
Skipping /data/ur/bukowy/LaViolette_Data/Prostates/1149/5
'NoneType' object has no attribute 'shape'
Skipping /data/ur/bukowy/LaViolette_Data/Prostates/1149/6
'NoneType' object has no attribute 'shape'
Skipping /data/ur/bukowy/LaViolette_Data/Prostates/1149/7
Expected tensor to be a tensor image of size (..., C, H, W). Got tensor.size() = torch.Size([512, 512]).
Skipping /data/ur/bukowy/LaViolette_Data/Prostates/1149/8
'NoneType' object has no attribute 'shape'
Skipping /data/ur/bukowy/LaViolette_Data/Prostates/1149/9
'NoneType' object has no attribute 'shape'
Skipping /data/ur/bukowy/LaViolette_Data/Prostates/1144/10
Expected tensor to be a tensor image of size (..., C, H, W). Got tensor.size() = torch.Size([512, 512]).
Skipping /data/ur/bukowy/LaViolette_Data/Prostates/1144/11
'NoneType' object has no attribute 'shape'
Skipping /data/ur/bukowy/LaViolette_Data/Prostates/1144/12
'NoneType' object has no attribute 'shape'
Skipping /data/ur/bukowy/LaViolette_Data/Prostates/1144/13
'NoneType' object has no attribute 'shape'
Skipping /data/ur/bukowy/LaViolette_Data/Prostates/1144/5
'NoneType' object has no attribute 'shape'
Skipping /data/ur/bukowy/LaViolette_Data/Prostates/1144/6
'NoneType' object has no attribute 'shape'
Skipping /data/ur/bukowy/LaViolette_Data/Prostates/1144/7
Expected tensor to be a tensor image of size (..., C, H, W). Got tensor.size() = torch.Size([512, 512]).
Skipping /data/ur/bukowy/LaViolette_Data/Prostates/1144/8
'NoneType' object has no attribute 'shape'
Skipping /data/ur/bukowy/LaViolette_Data/Prostates/1144/9
Expected tensor to be a tensor image of size (..., C, H, W). Got tensor.size() = torch.Size([512, 512]).
Skipping /data/ur/bukowy/LaViolette_Data/Prostates/1126/10
Expected tensor to be a tensor image of size (..., C, H, W). Got tensor.size() = torch.Size([512, 512]).
Skipping /data/ur/bukowy/LaViolette_Data/Prostates/1126/11
Expected tensor to be a tensor image of size (..., C, H, W). Got tensor.size() = torch.Size([512, 512]).
Skipping /data/ur/bukowy/LaViolette_Data/Prostates/1126/12
'NoneType' object has no attribute 'shape'
Skipping /data/ur/bukowy/LaViolette_Data/Prostates/1126/13
'NoneType' object has no attribute 'shape'
Skipping /data/ur/bukowy/LaViolette_Data/Prostates/1126/14
'NoneType' object has no attribute 'shape'
Skipping /data/ur/bukowy/LaViolette_Data/Prostates/1126/5
'NoneType' object has no attribute 'shape'
Skipping /data/ur/bukowy/LaViolette_Data/Prostates/1126/6
Expected tensor to be a tensor image of size (..., C, H, W). Got tensor.size() = torch.Size([512, 512]).
Skipping /data/ur/bukowy/LaViolette_Data/Prostates/1126/7
Expected tensor to be a tensor image of size (..., C, H, W). Got tensor.size() = torch.Size([512, 512]).
Skipping /data/ur/bukowy/LaViolette_Data/Prostates/1126/8
Expected tensor to be a tensor image of size (..., C, H, W). Got tensor.size() = torch.Size([512, 512]).
Skipping /data/ur/bukowy/LaViolette_Data/Prostates/1126/9
Expected tensor to be a tensor image of size (..., C, H, W). Got tensor.size() = torch.Size([512, 512]).
Skipping /data/ur/bukowy/LaViolette_Data/Prostates/1122/9
'NoneType' object has no attribute 'shape'
Skipping /data/ur/bukowy/LaViolette_Data/Prostates/1122/11
'NoneType' object has no attribute 'shape'
Skipping /data/ur/bukowy/LaViolette_Data/Prostates/1122/7
Expected tensor to be a tensor image of size (..., C, H, W). Got tensor.size() = torch.Size([512, 512]).
Skipping /data/ur/bukowy/LaViolette_Data/Prostates/1122/6
Expected tensor to be a tensor image of size (..., C, H, W). Got tensor.size() = torch.Size([512, 512]).
Skipping /data/ur/bukowy/LaViolette_Data/Prostates/1122/10
Expected tensor to be a tensor image of size (..., C, H, W). Got tensor.size() = torch.Size([512, 512]).
Skipping /data/ur/bukowy/LaViolette_Data/Prostates/1122/8
Expected tensor to be a tensor image of size (..., C, H, W). Got tensor.size() = torch.Size([512, 512]).
Configuration:
algorithm_kwargs:
  batch_size: 2
  eval_freq: 2
  num_epochs: 200
  start_epoch: 0
amp: false
dataset_kwargs:
  batch_size: 2
  crop_size: 512
  dataset: ade20k
  image_size: 512
  normalization: vit
  num_workers: 10
  split: train
inference_kwargs:
  im_size: 512
  window_size: 512
  window_stride: 512
log_dir: unet_200_noCrop
net_kwargs:
  backbone: vit_tiny_patch16_384
  d_model: 192
  decoder:
    drop_path_rate: 0.0
    dropout: 0.1
    n_layers: 2
    name: mask_transformer
  distilled: false
  drop_path_rate: 0.1
  dropout: 0.0
  image_size: !!python/tuple
  - 512
  - 512
  n_cls: 8
  n_heads: 3
  n_layers: 12
  normalization: vit
  patch_size: 16
optimizer_kwargs:
  clip_grad: null
  epochs: 200
  iter_max: 0
  iter_warmup: 0.0
  lr: 0.001
  min_lr: 1.0e-05
  momentum: 0.9
  opt: sgd
  poly_power: 0.9
  poly_step_size: 1
  sched: polynomial
  weight_decay: 0.0
resume: false
version: normal
world_batch_size: 2

Train dataset length: 0
Val dataset length: 0
