MOFED version '4.9-2.2.6' not available in this container.
No matching alternate version found.
wandb: Currently logged in as: nigelnel (nigel_nelson). Use `wandb login --relogin` to force relogin
Starting process with rank 0...
Process 0 is connected.
All processes are connected.
wandb: Agent Starting Run: 3ysoil98 with config:
wandb: 	backbone: vit_base_patch32_384
wandb: 	epochs: 300
wandb: 	lr: 0.0005
wandb: 	random_crop_size: 400
Starting process with rank 0...
Run 3ysoil98 errored: RuntimeError('trying to initialize the default process group twice!',)
wandb: ERROR Run 3ysoil98 errored: RuntimeError('trying to initialize the default process group twice!',)
wandb: Sweep Agent: Waiting for job.
wandb: Job received.
wandb: Agent Starting Run: lridbnph with config:
wandb: 	backbone: vit_small_patch32_384
wandb: 	epochs: 300
wandb: 	lr: 0.0005
wandb: 	random_crop_size: 256
Starting process with rank 0...
Run lridbnph errored: RuntimeError('trying to initialize the default process group twice!',)
wandb: ERROR Run lridbnph errored: RuntimeError('trying to initialize the default process group twice!',)
wandb: Agent Starting Run: 12aq5uoj with config:
wandb: 	backbone: vit_small_patch16_384
wandb: 	epochs: 300
wandb: 	lr: 0.005
wandb: 	random_crop_size: 300
Starting process with rank 0...
Run 12aq5uoj errored: RuntimeError('trying to initialize the default process group twice!',)
wandb: ERROR Run 12aq5uoj errored: RuntimeError('trying to initialize the default process group twice!',)
Detected 3 failed runs in the first 60 seconds, killing sweep.
wandb: ERROR Detected 3 failed runs in the first 60 seconds, killing sweep.
wandb: To disable this check set WANDB_AGENT_DISABLE_FLAPPING=true
