MOFED version '4.9-2.2.6' not available in this container.
No matching alternate version found.
Traceback (most recent call last):
  File "/opt/conda/lib/python3.6/runpy.py", line 193, in _run_module_as_main
    "__main__", mod_spec)
  File "/opt/conda/lib/python3.6/runpy.py", line 85, in _run_code
    exec(code, run_globals)
  File "/home/nelsonni/laviolette/segmenter/segm/inference.py", line 149, in <module>
    main()
  File "/opt/conda/lib/python3.6/site-packages/click/core.py", line 829, in __call__
    return self.main(*args, **kwargs)
  File "/opt/conda/lib/python3.6/site-packages/click/core.py", line 782, in main
    rv = self.invoke(ctx)
  File "/opt/conda/lib/python3.6/site-packages/click/core.py", line 1066, in invoke
    return ctx.invoke(self.callback, **ctx.params)
  File "/opt/conda/lib/python3.6/site-packages/click/core.py", line 610, in invoke
    return callback(*args, **kwargs)
  File "/home/nelsonni/laviolette/segmenter/segm/inference.py", line 46, in main
    model.load_state_dict(data)
  File "/home/nelsonni/.local/lib/python3.6/site-packages/torch/nn/modules/module.py", line 1483, in load_state_dict
    self.__class__.__name__, "\n\t".join(error_msgs)))
RuntimeError: Error(s) in loading state_dict for UNet:
	Missing key(s) in state_dict: "inc.double_conv.0.weight", "inc.double_conv.1.weight", "inc.double_conv.1.bias", "inc.double_conv.1.running_mean", "inc.double_conv.1.running_var", "inc.double_conv.3.weight", "inc.double_conv.4.weight", "inc.double_conv.4.bias", "inc.double_conv.4.running_mean", "inc.double_conv.4.running_var", "down1.maxpool_conv.1.double_conv.0.weight", "down1.maxpool_conv.1.double_conv.1.weight", "down1.maxpool_conv.1.double_conv.1.bias", "down1.maxpool_conv.1.double_conv.1.running_mean", "down1.maxpool_conv.1.double_conv.1.running_var", "down1.maxpool_conv.1.double_conv.3.weight", "down1.maxpool_conv.1.double_conv.4.weight", "down1.maxpool_conv.1.double_conv.4.bias", "down1.maxpool_conv.1.double_conv.4.running_mean", "down1.maxpool_conv.1.double_conv.4.running_var", "down2.maxpool_conv.1.double_conv.0.weight", "down2.maxpool_conv.1.double_conv.1.weight", "down2.maxpool_conv.1.double_conv.1.bias", "down2.maxpool_conv.1.double_conv.1.running_mean", "down2.maxpool_conv.1.double_conv.1.running_var", "down2.maxpool_conv.1.double_conv.3.weight", "down2.maxpool_conv.1.double_conv.4.weight", "down2.maxpool_conv.1.double_conv.4.bias", "down2.maxpool_conv.1.double_conv.4.running_mean", "down2.maxpool_conv.1.double_conv.4.running_var", "down3.maxpool_conv.1.double_conv.0.weight", "down3.maxpool_conv.1.double_conv.1.weight", "down3.maxpool_conv.1.double_conv.1.bias", "down3.maxpool_conv.1.double_conv.1.running_mean", "down3.maxpool_conv.1.double_conv.1.running_var", "down3.maxpool_conv.1.double_conv.3.weight", "down3.maxpool_conv.1.double_conv.4.weight", "down3.maxpool_conv.1.double_conv.4.bias", "down3.maxpool_conv.1.double_conv.4.running_mean", "down3.maxpool_conv.1.double_conv.4.running_var", "down4.maxpool_conv.1.double_conv.0.weight", "down4.maxpool_conv.1.double_conv.1.weight", "down4.maxpool_conv.1.double_conv.1.bias", "down4.maxpool_conv.1.double_conv.1.running_mean", "down4.maxpool_conv.1.double_conv.1.running_var", "down4.maxpool_conv.1.double_conv.3.weight", "down4.maxpool_conv.1.double_conv.4.weight", "down4.maxpool_conv.1.double_conv.4.bias", "down4.maxpool_conv.1.double_conv.4.running_mean", "down4.maxpool_conv.1.double_conv.4.running_var", "up1.up.weight", "up1.up.bias", "up1.conv.double_conv.0.weight", "up1.conv.double_conv.1.weight", "up1.conv.double_conv.1.bias", "up1.conv.double_conv.1.running_mean", "up1.conv.double_conv.1.running_var", "up1.conv.double_conv.3.weight", "up1.conv.double_conv.4.weight", "up1.conv.double_conv.4.bias", "up1.conv.double_conv.4.running_mean", "up1.conv.double_conv.4.running_var", "up2.up.weight", "up2.up.bias", "up2.conv.double_conv.0.weight", "up2.conv.double_conv.1.weight", "up2.conv.double_conv.1.bias", "up2.conv.double_conv.1.running_mean", "up2.conv.double_conv.1.running_var", "up2.conv.double_conv.3.weight", "up2.conv.double_conv.4.weight", "up2.conv.double_conv.4.bias", "up2.conv.double_conv.4.running_mean", "up2.conv.double_conv.4.running_var", "up3.up.weight", "up3.up.bias", "up3.conv.double_conv.0.weight", "up3.conv.double_conv.1.weight", "up3.conv.double_conv.1.bias", "up3.conv.double_conv.1.running_mean", "up3.conv.double_conv.1.running_var", "up3.conv.double_conv.3.weight", "up3.conv.double_conv.4.weight", "up3.conv.double_conv.4.bias", "up3.conv.double_conv.4.running_mean", "up3.conv.double_conv.4.running_var", "up4.up.weight", "up4.up.bias", "up4.conv.double_conv.0.weight", "up4.conv.double_conv.1.weight", "up4.conv.double_conv.1.bias", "up4.conv.double_conv.1.running_mean", "up4.conv.double_conv.1.running_var", "up4.conv.double_conv.3.weight", "up4.conv.double_conv.4.weight", "up4.conv.double_conv.4.bias", "up4.conv.double_conv.4.running_mean", "up4.conv.double_conv.4.running_var", "outc.conv.weight", "outc.conv.bias". 
	Unexpected key(s) in state_dict: "model", "optimizer", "n_cls", "lr_scheduler", "epoch". 
