MOFED version '4.9-2.2.6' not available in this container.
No matching alternate version found.
Starting process with rank 0...
Process 0 is connected.
All processes are connected.
/home/nelsonni/.local/lib/python3.6/site-packages/torch/nn/functional.py:3635: UserWarning: Default upsampling behavior when mode=bilinear is changed to align_corners=False since 0.4.0. Please specify align_corners=True if the old behavior is desired. See the documentation of nn.Upsample for details.
  "See the documentation of nn.Upsample for details.".format(mode)
pixdim[1,2,3] should be non-zero; setting 0 dims to 1
pixdim[1,2,3] should be non-zero; setting 0 dims to 1
pixdim[1,2,3] should be non-zero; setting 0 dims to 1
pixdim[1,2,3] should be non-zero; setting 0 dims to 1
pixdim[1,2,3] should be non-zero; setting 0 dims to 1
pixdim[1,2,3] should be non-zero; setting 0 dims to 1
pixdim[1,2,3] should be non-zero; setting 0 dims to 1
pixdim[1,2,3] should be non-zero; setting 0 dims to 1
pixdim[1,2,3] should be non-zero; setting 0 dims to 1
pixdim[1,2,3] should be non-zero; setting 0 dims to 1
pixdim[1,2,3] should be non-zero; setting 0 dims to 1
pixdim[1,2,3] should be non-zero; setting 0 dims to 1
pixdim[1,2,3] should be non-zero; setting 0 dims to 1
pixdim[1,2,3] should be non-zero; setting 0 dims to 1
pixdim[1,2,3] should be non-zero; setting 0 dims to 1
pixdim[1,2,3] should be non-zero; setting 0 dims to 1
pixdim[1,2,3] should be non-zero; setting 0 dims to 1
pixdim[1,2,3] should be non-zero; setting 0 dims to 1
pixdim[1,2,3] should be non-zero; setting 0 dims to 1
pixdim[1,2,3] should be non-zero; setting 0 dims to 1
Configuration:
algorithm_kwargs:
  batch_size: 8
  eval_freq: 2
  num_epochs: 64
  start_epoch: 0
amp: false
dataset_kwargs:
  batch_size: 8
  crop_size: 512
  dataset: ade20k
  image_size: 512
  normalization: vit
  num_workers: 10
  split: train
inference_kwargs:
  im_size: 512
  window_size: 512
  window_stride: 512
log_dir: seg_tiny_mask_retrain
net_kwargs:
  backbone: vit_tiny_patch16_384
  d_model: 192
  decoder:
    drop_path_rate: 0.0
    dropout: 0.1
    n_cls: 8
    n_layers: 2
    name: mask_transformer
  distilled: false
  drop_path_rate: 0.1
  dropout: 0.0
  image_size: !!python/tuple
  - 512
  - 512
  n_cls: 8
  n_heads: 3
  n_layers: 12
  normalization: vit
  patch_size: 16
optimizer_kwargs:
  clip_grad: null
  epochs: 64
  iter_max: 2432
  iter_warmup: 0.0
  lr: 0.001
  min_lr: 1.0e-05
  momentum: 0.9
  opt: sgd
  poly_power: 0.9
  poly_step_size: 1
  sched: polynomial
  weight_decay: 0.0
resume: true
version: normal
world_batch_size: 8

Num mris: 1
Num segs: 1
Num mris: 1
Num segs: 1
Num mris: 1
Num segs: 1
Num mris: 1
Num segs: 1
Num mris: 1
Num segs: 1
Num mris: 1
Num segs: 1
Num mris: 1
Num segs: 1
Num mris: 1
Num segs: 1
Num mris: 1
Num segs: 1
Num mris: 1
Num segs: 1
Num mris: 1
Num segs: 1
Num mris: 1
Num segs: 1
Num mris: 1
Num segs: 1
Num mris: 1
Num segs: 1
Num mris: 1
Num segs: 1
Num mris: 1
Num segs: 1
Train dataset length: 304
Val dataset length: 16
Encoder parameters: 5876392
Decoder parameters: 1002448
skipping /data/ur/bukowy/LaViolette_Data/Prostates/1140/17
skipping /data/ur/bukowy/LaViolette_Data/Prostates/1204/8
skipping /data/ur/bukowy/LaViolette_Data/Prostates/1123/12
skipping /data/ur/bukowy/LaViolette_Data/Prostates/1136/10
Num mris: 4
Num segs: 4
training values: tensor([0, 2, 3, 4, 5, 6])
training values: tensor([0, 1, 2])
training values: tensor([0, 2, 3, 5, 6])
training values: tensor([0, 2, 3, 4, 5, 6])
Epoch: [0]  [ 0/38]  eta: 0:00:07  loss: 2.2579 (2.2579)  learning_rate: 0.0010 (0.0010)  time: 0.2103  data: 0.0695  max mem: 2347
pixdim[1,2,3] should be non-zero; setting 0 dims to 1
pixdim[1,2,3] should be non-zero; setting 0 dims to 1
pixdim[1,2,3] should be non-zero; setting 0 dims to 1
pixdim[1,2,3] should be non-zero; setting 0 dims to 1
pixdim[1,2,3] should be non-zero; setting 0 dims to 1
pixdim[1,2,3] should be non-zero; setting 0 dims to 1
pixdim[1,2,3] should be non-zero; setting 0 dims to 1
pixdim[1,2,3] should be non-zero; setting 0 dims to 1
pixdim[1,2,3] should be non-zero; setting 0 dims to 1
pixdim[1,2,3] should be non-zero; setting 0 dims to 1
pixdim[1,2,3] should be non-zero; setting 0 dims to 1
pixdim[1,2,3] should be non-zero; setting 0 dims to 1
pixdim[1,2,3] should be non-zero; setting 0 dims to 1
pixdim[1,2,3] should be non-zero; setting 0 dims to 1
pixdim[1,2,3] should be non-zero; setting 0 dims to 1
pixdim[1,2,3] should be non-zero; setting 0 dims to 1
pixdim[1,2,3] should be non-zero; setting 0 dims to 1
pixdim[1,2,3] should be non-zero; setting 0 dims to 1
pixdim[1,2,3] should be non-zero; setting 0 dims to 1
pixdim[1,2,3] should be non-zero; setting 0 dims to 1
pixdim[1,2,3] should be non-zero; setting 0 dims to 1
pixdim[1,2,3] should be non-zero; setting 0 dims to 1
pixdim[1,2,3] should be non-zero; setting 0 dims to 1
pixdim[1,2,3] should be non-zero; setting 0 dims to 1
pixdim[1,2,3] should be non-zero; setting 0 dims to 1
pixdim[1,2,3] should be non-zero; setting 0 dims to 1
pixdim[1,2,3] should be non-zero; setting 0 dims to 1
pixdim[1,2,3] should be non-zero; setting 0 dims to 1
pixdim[1,2,3] should be non-zero; setting 0 dims to 1
pixdim[1,2,3] should be non-zero; setting 0 dims to 1
pixdim[1,2,3] should be non-zero; setting 0 dims to 1
pixdim[1,2,3] should be non-zero; setting 0 dims to 1
pixdim[1,2,3] should be non-zero; setting 0 dims to 1
pixdim[1,2,3] should be non-zero; setting 0 dims to 1
pixdim[1,2,3] should be non-zero; setting 0 dims to 1
pixdim[1,2,3] should be non-zero; setting 0 dims to 1
pixdim[1,2,3] should be non-zero; setting 0 dims to 1
pixdim[1,2,3] should be non-zero; setting 0 dims to 1
pixdim[1,2,3] should be non-zero; setting 0 dims to 1
pixdim[1,2,3] should be non-zero; setting 0 dims to 1
pixdim[1,2,3] should be non-zero; setting 0 dims to 1
pixdim[1,2,3] should be non-zero; setting 0 dims to 1
pixdim[1,2,3] should be non-zero; setting 0 dims to 1
pixdim[1,2,3] should be non-zero; setting 0 dims to 1
pixdim[1,2,3] should be non-zero; setting 0 dims to 1
pixdim[1,2,3] should be non-zero; setting 0 dims to 1
pixdim[1,2,3] should be non-zero; setting 0 dims to 1
pixdim[1,2,3] should be non-zero; setting 0 dims to 1
pixdim[1,2,3] should be non-zero; setting 0 dims to 1
pixdim[1,2,3] should be non-zero; setting 0 dims to 1
pixdim[1,2,3] should be non-zero; setting 0 dims to 1
pixdim[1,2,3] should be non-zero; setting 0 dims to 1
pixdim[1,2,3] should be non-zero; setting 0 dims to 1
pixdim[1,2,3] should be non-zero; setting 0 dims to 1
pixdim[1,2,3] should be non-zero; setting 0 dims to 1
pixdim[1,2,3] should be non-zero; setting 0 dims to 1
pixdim[1,2,3] should be non-zero; setting 0 dims to 1
pixdim[1,2,3] should be non-zero; setting 0 dims to 1
pixdim[1,2,3] should be non-zero; setting 0 dims to 1
pixdim[1,2,3] should be non-zero; setting 0 dims to 1
pixdim[1,2,3] should be non-zero; setting 0 dims to 1
pixdim[1,2,3] should be non-zero; setting 0 dims to 1
pixdim[1,2,3] should be non-zero; setting 0 dims to 1
pixdim[1,2,3] should be non-zero; setting 0 dims to 1
pixdim[1,2,3] should be non-zero; setting 0 dims to 1
pixdim[1,2,3] should be non-zero; setting 0 dims to 1
pixdim[1,2,3] should be non-zero; setting 0 dims to 1
pixdim[1,2,3] should be non-zero; setting 0 dims to 1
pixdim[1,2,3] should be non-zero; setting 0 dims to 1
pixdim[1,2,3] should be non-zero; setting 0 dims to 1
pixdim[1,2,3] should be non-zero; setting 0 dims to 1
pixdim[1,2,3] should be non-zero; setting 0 dims to 1
pixdim[1,2,3] should be non-zero; setting 0 dims to 1
pixdim[1,2,3] should be non-zero; setting 0 dims to 1
pixdim[1,2,3] should be non-zero; setting 0 dims to 1
pixdim[1,2,3] should be non-zero; setting 0 dims to 1
pixdim[1,2,3] should be non-zero; setting 0 dims to 1
pixdim[1,2,3] should be non-zero; setting 0 dims to 1
pixdim[1,2,3] should be non-zero; setting 0 dims to 1
pixdim[1,2,3] should be non-zero; setting 0 dims to 1
pixdim[1,2,3] should be non-zero; setting 0 dims to 1
pixdim[1,2,3] should be non-zero; setting 0 dims to 1
pixdim[1,2,3] should be non-zero; setting 0 dims to 1
pixdim[1,2,3] should be non-zero; setting 0 dims to 1
pixdim[1,2,3] should be non-zero; setting 0 dims to 1
pixdim[1,2,3] should be non-zero; setting 0 dims to 1
pixdim[1,2,3] should be non-zero; setting 0 dims to 1
pixdim[1,2,3] should be non-zero; setting 0 dims to 1
pixdim[1,2,3] should be non-zero; setting 0 dims to 1
pixdim[1,2,3] should be non-zero; setting 0 dims to 1
pixdim[1,2,3] should be non-zero; setting 0 dims to 1
pixdim[1,2,3] should be non-zero; setting 0 dims to 1
pixdim[1,2,3] should be non-zero; setting 0 dims to 1
pixdim[1,2,3] should be non-zero; setting 0 dims to 1
pixdim[1,2,3] should be non-zero; setting 0 dims to 1
pixdim[1,2,3] should be non-zero; setting 0 dims to 1
pixdim[1,2,3] should be non-zero; setting 0 dims to 1
pixdim[1,2,3] should be non-zero; setting 0 dims to 1
pixdim[1,2,3] should be non-zero; setting 0 dims to 1
pixdim[1,2,3] should be non-zero; setting 0 dims to 1
pixdim[1,2,3] should be non-zero; setting 0 dims to 1
pixdim[1,2,3] should be non-zero; setting 0 dims to 1
pixdim[1,2,3] should be non-zero; setting 0 dims to 1
pixdim[1,2,3] should be non-zero; setting 0 dims to 1
pixdim[1,2,3] should be non-zero; setting 0 dims to 1
pixdim[1,2,3] should be non-zero; setting 0 dims to 1
pixdim[1,2,3] should be non-zero; setting 0 dims to 1
pixdim[1,2,3] should be non-zero; setting 0 dims to 1
pixdim[1,2,3] should be non-zero; setting 0 dims to 1
pixdim[1,2,3] should be non-zero; setting 0 dims to 1
pixdim[1,2,3] should be non-zero; setting 0 dims to 1
pixdim[1,2,3] should be non-zero; setting 0 dims to 1
pixdim[1,2,3] should be non-zero; setting 0 dims to 1
pixdim[1,2,3] should be non-zero; setting 0 dims to 1
pixdim[1,2,3] should be non-zero; setting 0 dims to 1
pixdim[1,2,3] should be non-zero; setting 0 dims to 1
pixdim[1,2,3] should be non-zero; setting 0 dims to 1
pixdim[1,2,3] should be non-zero; setting 0 dims to 1
pixdim[1,2,3] should be non-zero; setting 0 dims to 1
pixdim[1,2,3] should be non-zero; setting 0 dims to 1
pixdim[1,2,3] should be non-zero; setting 0 dims to 1
pixdim[1,2,3] should be non-zero; setting 0 dims to 1
pixdim[1,2,3] should be non-zero; setting 0 dims to 1
pixdim[1,2,3] should be non-zero; setting 0 dims to 1
pixdim[1,2,3] should be non-zero; setting 0 dims to 1
pixdim[1,2,3] should be non-zero; setting 0 dims to 1
pixdim[1,2,3] should be non-zero; setting 0 dims to 1
pixdim[1,2,3] should be non-zero; setting 0 dims to 1
pixdim[1,2,3] should be non-zero; setting 0 dims to 1
pixdim[1,2,3] should be non-zero; setting 0 dims to 1
pixdim[1,2,3] should be non-zero; setting 0 dims to 1
pixdim[1,2,3] should be non-zero; setting 0 dims to 1
pixdim[1,2,3] should be non-zero; setting 0 dims to 1
pixdim[1,2,3] should be non-zero; setting 0 dims to 1
pixdim[1,2,3] should be non-zero; setting 0 dims to 1
pixdim[1,2,3] should be non-zero; setting 0 dims to 1
pixdim[1,2,3] should be non-zero; setting 0 dims to 1
pixdim[1,2,3] should be non-zero; setting 0 dims to 1
pixdim[1,2,3] should be non-zero; setting 0 dims to 1
pixdim[1,2,3] should be non-zero; setting 0 dims to 1
pixdim[1,2,3] should be non-zero; setting 0 dims to 1
pixdim[1,2,3] should be non-zero; setting 0 dims to 1
pixdim[1,2,3] should be non-zero; setting 0 dims to 1
pixdim[1,2,3] should be non-zero; setting 0 dims to 1
pixdim[1,2,3] should be non-zero; setting 0 dims to 1
pixdim[1,2,3] should be non-zero; setting 0 dims to 1
pixdim[1,2,3] should be non-zero; setting 0 dims to 1
pixdim[1,2,3] should be non-zero; setting 0 dims to 1
pixdim[1,2,3] should be non-zero; setting 0 dims to 1
pixdim[1,2,3] should be non-zero; setting 0 dims to 1
pixdim[1,2,3] should be non-zero; setting 0 dims to 1
pixdim[1,2,3] should be non-zero; setting 0 dims to 1
pixdim[1,2,3] should be non-zero; setting 0 dims to 1
pixdim[1,2,3] should be non-zero; setting 0 dims to 1
pixdim[1,2,3] should be non-zero; setting 0 dims to 1
pixdim[1,2,3] should be non-zero; setting 0 dims to 1
pixdim[1,2,3] should be non-zero; setting 0 dims to 1
pixdim[1,2,3] should be non-zero; setting 0 dims to 1
pixdim[1,2,3] should be non-zero; setting 0 dims to 1
skipping /data/ur/bukowy/LaViolette_Data/Prostates/1144/8
skipping /data/ur/bukowy/LaViolette_Data/Prostates/1140/16
skipping /data/ur/bukowy/LaViolette_Data/Prostates/1149/6
skipping /data/ur/bukowy/LaViolette_Data/Prostates/1131/10
Num mris: 4
Num segs: 4
training values: tensor([0, 2, 3, 4, 5])
training values: tensor([0, 2, 3, 4, 5, 6])
training values: tensor([0, 1, 2, 3, 4])
training values: tensor([0, 1, 2, 3, 5, 6, 7])
skipping /data/ur/bukowy/LaViolette_Data/Prostates/1121/6
skipping /data/ur/bukowy/LaViolette_Data/Prostates/1136/11
skipping /data/ur/bukowy/LaViolette_Data/Prostates/1127/10
skipping /data/ur/bukowy/LaViolette_Data/Prostates/1141/10
Num mris: 4
Num segs: 4
training values: tensor([0, 1, 2, 3, 4, 5, 6])
training values: tensor([0, 2, 3, 4, 5])
training values: tensor([0, 2, 3, 4, 5])
training values: tensor([0, 1, 2, 3, 4, 5, 6])
skipping /data/ur/bukowy/LaViolette_Data/Prostates/1131/9
skipping /data/ur/bukowy/LaViolette_Data/Prostates/1137/5
skipping /data/ur/bukowy/LaViolette_Data/Prostates/1127/8
skipping /data/ur/bukowy/LaViolette_Data/Prostates/1158/15
Num mris: 4
Num segs: 4
training values: tensor([0, 1, 2, 3, 4, 5])
training values: tensor([0, 1, 2, 3, 4, 5, 6, 7])
training values: tensor([0, 2, 3, 4])
training values: tensor([0, 2])
skipping /data/ur/bukowy/LaViolette_Data/Prostates/1122/9
skipping /data/ur/bukowy/LaViolette_Data/Prostates/1133/9
Num mris: 6
Num segs: 6
training values: tensor([0, 1, 2, 3, 4, 5])
training values: tensor([0, 1, 2, 4])
training values: tensor([0, 2, 3, 4])
training values: tensor([0, 2, 4, 5])
training values: tensor([0, 1, 2])
training values: tensor([0, 1, 2, 3, 4, 5])
skipping /data/ur/bukowy/LaViolette_Data/Prostates/1152/5
skipping /data/ur/bukowy/LaViolette_Data/Prostates/1190/15
skipping /data/ur/bukowy/LaViolette_Data/Prostates/1137/10
skipping /data/ur/bukowy/LaViolette_Data/Prostates/1129/10
skipping /data/ur/bukowy/LaViolette_Data/Prostates/1134/7
skipping /data/ur/bukowy/LaViolette_Data/Prostates/1152/8
Num mris: 2
Num segs: 2
training values: tensor([0, 1, 2, 3, 4])
training values: tensor([0, 2, 4, 5])
skipping /data/ur/bukowy/LaViolette_Data/Prostates/1200/16
skipping /data/ur/bukowy/LaViolette_Data/Prostates/1127/7
skipping /data/ur/bukowy/LaViolette_Data/Prostates/1138/6
skipping /data/ur/bukowy/LaViolette_Data/Prostates/1191/18
Num mris: 4
Num segs: 4
training values: tensor([0, 2, 4, 5])
training values: tensor([0, 1, 4, 5, 6])
training values: tensor([0, 1, 2, 3, 4])
training values: tensor([0, 2])
skipping /data/ur/bukowy/LaViolette_Data/Prostates/1127/5
skipping /data/ur/bukowy/LaViolette_Data/Prostates/1107/13
skipping /data/ur/bukowy/LaViolette_Data/Prostates/1158/13
skipping /data/ur/bukowy/LaViolette_Data/Prostates/1111/7
Num mris: 4
Num segs: 4
training values: tensor([0, 1, 2, 4, 6])
training values: tensor([0, 1, 2])
training values: tensor([0, 2, 4, 5])
training values: tensor([0, 1, 2, 4])
skipping /data/ur/bukowy/LaViolette_Data/Prostates/1149/9
skipping /data/ur/bukowy/LaViolette_Data/Prostates/1188/8
Num mris: 6
Num segs: 6
training values: tensor([0, 2, 3, 4, 5])
training values: tensor([0, 2, 3])
training values: tensor([0, 2, 3, 4])
training values: tensor([0, 1, 3, 4, 5])
training values: tensor([0, 1, 2, 3, 4])
training values: tensor([0, 2, 3, 4, 5])
skipping /data/ur/bukowy/LaViolette_Data/Prostates/1154/15
skipping /data/ur/bukowy/LaViolette_Data/Prostates/1159/12
skipping /data/ur/bukowy/LaViolette_Data/Prostates/1144/10
Num mris: 5
Num segs: 5
training values: tensor([0, 1, 2, 4, 5])
training values: tensor([0, 1, 2, 4, 5, 6])
training values: tensor([0, 1, 2, 4, 5, 6])
training values: tensor([0, 1, 2, 4, 5])
training values: tensor([0, 2])
skipping /data/ur/bukowy/LaViolette_Data/Prostates/1204/10
skipping /data/ur/bukowy/LaViolette_Data/Prostates/1132/11
skipping /data/ur/bukowy/LaViolette_Data/Prostates/1107/5
skipping /data/ur/bukowy/LaViolette_Data/Prostates/1140/14
Num mris: 4
Num segs: 4
training values: tensor([0, 1, 2])
training values: tensor([0, 2, 5])
training values: tensor([0, 2])
training values: tensor([0, 2, 3, 4])
skipping /data/ur/bukowy/LaViolette_Data/Prostates/1147/15
skipping /data/ur/bukowy/LaViolette_Data/Prostates/1144/13
skipping /data/ur/bukowy/LaViolette_Data/Prostates/1203/10
skipping /data/ur/bukowy/LaViolette_Data/Prostates/1154/6
Num mris: 4
Num segs: 4
training values: tensor([0, 2, 4, 5, 6])
training values: tensor([0, 2, 4])
training values: tensor([0, 1, 2, 3, 4, 5, 6, 7])
training values: tensor([0, 1, 2, 3, 4])
skipping /data/ur/bukowy/LaViolette_Data/Prostates/1107/6
skipping /data/ur/bukowy/LaViolette_Data/Prostates/1147/12
skipping /data/ur/bukowy/LaViolette_Data/Prostates/1144/5
skipping /data/ur/bukowy/LaViolette_Data/Prostates/1118/14
Num mris: 4
Num segs: 4
training values: tensor([0, 1, 2, 4, 5])
training values: tensor([0, 1, 2, 4, 5, 6])
training values: tensor([0, 1, 2, 3, 4])
training values: tensor([0, 2, 3, 4, 5])
skipping /data/ur/bukowy/LaViolette_Data/Prostates/1136/7
skipping /data/ur/bukowy/LaViolette_Data/Prostates/1149/11
skipping /data/ur/bukowy/LaViolette_Data/Prostates/1128/14
skipping /data/ur/bukowy/LaViolette_Data/Prostates/1159/14
skipping /data/ur/bukowy/LaViolette_Data/Prostates/1118/13
Num mris: 3
Num segs: 3
training values: tensor([0, 1, 2, 4, 5])
training values: tensor([0, 2, 4, 5, 6, 7])
training values: tensor([0, 1, 2, 3, 5, 6])
skipping /data/ur/bukowy/LaViolette_Data/Prostates/1127/12
skipping /data/ur/bukowy/LaViolette_Data/Prostates/1127/13
skipping /data/ur/bukowy/LaViolette_Data/Prostates/1123/5
skipping /data/ur/bukowy/LaViolette_Data/Prostates/1118/6
Num mris: 4
Num segs: 4
training values: tensor([0, 1, 2, 3, 4])
training values: tensor([0, 2, 4, 5])
training values: tensor([0, 1, 2, 3, 4, 5, 6])
training values: tensor([0, 2, 5])
skipping /data/ur/bukowy/LaViolette_Data/Prostates/1128/13
skipping /data/ur/bukowy/LaViolette_Data/Prostates/1134/10
skipping /data/ur/bukowy/LaViolette_Data/Prostates/1159/13
Num mris: 5
Num segs: 5
training values: tensor([0, 2, 4, 5])
training values: tensor([0, 1, 2, 4, 5])
training values: tensor([0, 2, 4, 5, 6])
training values: tensor([0, 2, 4, 5, 6, 7])
training values: tensor([0, 2, 3, 4, 5])
skipping /data/ur/bukowy/LaViolette_Data/Prostates/1144/12
skipping /data/ur/bukowy/LaViolette_Data/Prostates/1118/15
Num mris: 6
Num segs: 6
training values: tensor([0, 1, 2, 4, 5, 6])
training values: tensor([0, 2, 3, 4, 5, 6])
training values: tensor([0, 1, 2, 3, 4, 5])
training values: tensor([0, 2, 3, 4])
training values: tensor([0, 2, 4, 5, 6])
training values: tensor([0, 2, 3, 4, 5, 7])
skipping /data/ur/bukowy/LaViolette_Data/Prostates/1124/5
skipping /data/ur/bukowy/LaViolette_Data/Prostates/1188/14
skipping /data/ur/bukowy/LaViolette_Data/Prostates/1187/12
Num mris: 5
Num segs: 5
training values: tensor([0, 1, 2, 3, 4, 5, 6, 7])
training values: tensor([0, 2, 4, 5, 6])
training values: tensor([0, 1, 2, 3, 4, 5])
training values: tensor([0, 2, 3, 4])
training values: tensor([0, 1, 2])
skipping /data/ur/bukowy/LaViolette_Data/Prostates/1149/5
skipping /data/ur/bukowy/LaViolette_Data/Prostates/1107/11
skipping /data/ur/bukowy/LaViolette_Data/Prostates/1132/14
Num mris: 5
Num segs: 5
training values: tensor([0, 1, 2, 6])
training values: tensor([0, 1, 2, 3, 4])
training values: tensor([0, 2, 3, 4, 5])
training values: tensor([0, 1, 2, 3, 4, 5])
training values: tensor([0, 1, 2, 4, 6])
skipping /data/ur/bukowy/LaViolette_Data/Prostates/1107/10
skipping /data/ur/bukowy/LaViolette_Data/Prostates/1152/13
skipping /data/ur/bukowy/LaViolette_Data/Prostates/1123/6
skipping /data/ur/bukowy/LaViolette_Data/Prostates/1149/13
skipping /data/ur/bukowy/LaViolette_Data/Prostates/1122/11
Num mris: 3
Num segs: 3
training values: tensor([0, 2, 3, 4, 5])
training values: tensor([0, 2, 3, 4, 5, 6])
training values: tensor([0, 1, 2, 3, 4, 5, 6])
skipping /data/ur/bukowy/LaViolette_Data/Prostates/1131/11
skipping /data/ur/bukowy/LaViolette_Data/Prostates/1190/14
skipping /data/ur/bukowy/LaViolette_Data/Prostates/1152/11
skipping /data/ur/bukowy/LaViolette_Data/Prostates/1129/6
Num mris: 4
Num segs: 4
training values: tensor([0, 2, 3, 4, 5])
training values: tensor([0, 2, 4, 5, 6])
training values: tensor([0, 1, 2, 3, 4, 5])
training values: tensor([0, 2, 3, 4, 5, 7])
skipping /data/ur/bukowy/LaViolette_Data/Prostates/1141/9
skipping /data/ur/bukowy/LaViolette_Data/Prostates/1155/10
skipping /data/ur/bukowy/LaViolette_Data/Prostates/1152/9
skipping /data/ur/bukowy/LaViolette_Data/Prostates/1136/15
skipping /data/ur/bukowy/LaViolette_Data/Prostates/1155/14
Num mris: 3
Num segs: 3
training values: tensor([0, 2, 4, 5, 6])
training values: tensor([0, 2, 5, 6])
training values: tensor([0, 1, 2, 3, 4])
skipping /data/ur/bukowy/LaViolette_Data/Prostates/1142/5
skipping /data/ur/bukowy/LaViolette_Data/Prostates/1134/8
skipping /data/ur/bukowy/LaViolette_Data/Prostates/1138/8
skipping /data/ur/bukowy/LaViolette_Data/Prostates/1204/9
Num mris: 4
Num segs: 4
training values: tensor([0, 1, 2, 3, 4, 5])
training values: tensor([0, 1, 2, 4, 5, 6])
training values: tensor([0, 2, 3, 4, 5, 6])
training values: tensor([0, 2, 3, 4, 5, 7])
skipping /data/ur/bukowy/LaViolette_Data/Prostates/1200/15
skipping /data/ur/bukowy/LaViolette_Data/Prostates/1136/14
skipping /data/ur/bukowy/LaViolette_Data/Prostates/1149/12
Num mris: 5
Num segs: 5
training values: tensor([0, 2, 4, 5, 6])
training values: tensor([0, 2, 4, 5])
training values: tensor([0, 2, 4])
training values: tensor([0, 2, 3, 4])
training values: tensor([0, 1, 2, 3, 4, 6])
skipping /data/ur/bukowy/LaViolette_Data/Prostates/1133/12
skipping /data/ur/bukowy/LaViolette_Data/Prostates/1127/6
skipping /data/ur/bukowy/LaViolette_Data/Prostates/1118/12
Num mris: 5
Num segs: 5
training values: tensor([0, 1, 2, 3, 4, 5, 7])
training values: tensor([0, 1, 2, 4])
training values: tensor([0, 1, 2, 4])
training values: tensor([0, 2, 5])
training values: tensor([0, 1, 2, 3, 4])
skipping /data/ur/bukowy/LaViolette_Data/Prostates/1136/12
skipping /data/ur/bukowy/LaViolette_Data/Prostates/1138/7
skipping /data/ur/bukowy/LaViolette_Data/Prostates/1127/9
Num mris: 5
Num segs: 5
training values: tensor([0, 1, 2, 4, 5])
training values: tensor([0, 2, 4])
training values: tensor([0, 2])
training values: tensor([0, 2, 5])
training values: tensor([0, 1, 2, 4, 5])
skipping /data/ur/bukowy/LaViolette_Data/Prostates/1190/16
skipping /data/ur/bukowy/LaViolette_Data/Prostates/1141/12
skipping /data/ur/bukowy/LaViolette_Data/Prostates/1154/14
skipping /data/ur/bukowy/LaViolette_Data/Prostates/1147/5
Num mris: 4
Num segs: 4
training values: tensor([0, 1, 2, 4])
training values: tensor([0, 2, 4])
training values: tensor([0, 2, 3, 4, 5])
training values: tensor([0, 1, 2, 4, 5, 6])
skipping /data/ur/bukowy/LaViolette_Data/Prostates/1107/7
skipping /data/ur/bukowy/LaViolette_Data/Prostates/1185/11
skipping /data/ur/bukowy/LaViolette_Data/Prostates/1187/14
Num mris: 5
Num segs: 5
training values: tensor([0, 2, 3, 4])
training values: tensor([0, 1, 2, 3, 4, 6])
training values: tensor([0, 2, 3, 4, 5, 6])
training values: tensor([0, 2, 3, 4, 5])
training values: tensor([0, 1, 2, 3, 4, 5, 6])
skipping /data/ur/bukowy/LaViolette_Data/Prostates/1129/5
skipping /data/ur/bukowy/LaViolette_Data/Prostates/1128/6
Num mris: 6
Num segs: 6
training values: tensor([0, 1, 2])
training values: tensor([0, 2, 5])
training values: tensor([0, 2, 3, 4, 5, 7])
training values: tensor([0, 2, 3, 4, 7])
training values: tensor([0, 2, 4])
training values: tensor([0, 2, 4, 5, 6])
skipping /data/ur/bukowy/LaViolette_Data/Prostates/1149/10
skipping /data/ur/bukowy/LaViolette_Data/Prostates/1191/19
skipping /data/ur/bukowy/LaViolette_Data/Prostates/1144/11
skipping /data/ur/bukowy/LaViolette_Data/Prostates/1138/9
Num mris: 4
Num segs: 4
training values: tensor([0, 1, 2, 6])
training values: tensor([0, 2, 4, 5, 6])
training values: tensor([0, 1, 2, 4])
training values: tensor([0, 1, 2, 4])
skipping /data/ur/bukowy/LaViolette_Data/Prostates/1200/13
skipping /data/ur/bukowy/LaViolette_Data/Prostates/1129/7
skipping /data/ur/bukowy/LaViolette_Data/Prostates/1129/11
skipping /data/ur/bukowy/LaViolette_Data/Prostates/1144/6
Num mris: 4
Num segs: 4
training values: tensor([0, 2, 4, 5])
training values: tensor([0, 1, 2, 3, 4])
training values: tensor([0, 2, 3, 4, 5, 6])
training values: tensor([0, 2, 3, 4, 5])
skipping /data/ur/bukowy/LaViolette_Data/Prostates/1138/10
skipping /data/ur/bukowy/LaViolette_Data/Prostates/1134/9
skipping /data/ur/bukowy/LaViolette_Data/Prostates/1127/11
skipping /data/ur/bukowy/LaViolette_Data/Prostates/1190/9
skipping /data/ur/bukowy/LaViolette_Data/Prostates/1123/11
Num mris: 3
Num segs: 3
training values: tensor([0, 1, 2, 3, 4, 5, 6])
training values: tensor([0, 2, 3, 4, 5, 6])
training values: tensor([0, 1, 2, 6])
skipping /data/ur/bukowy/LaViolette_Data/Prostates/1187/13
skipping /data/ur/bukowy/LaViolette_Data/Prostates/1155/13
skipping /data/ur/bukowy/LaViolette_Data/Prostates/1107/12
skipping /data/ur/bukowy/LaViolette_Data/Prostates/1107/8
Num mris: 4
Num segs: 4
training values: tensor([0, 2, 3, 4])
training values: tensor([0, 2, 4])
training values: tensor([0, 1, 2, 5])
training values: tensor([0, 1, 2, 3, 4])
skipping /data/ur/bukowy/LaViolette_Data/Prostates/1140/15
skipping /data/ur/bukowy/LaViolette_Data/Prostates/1137/11
skipping /data/ur/bukowy/LaViolette_Data/Prostates/1141/11
skipping /data/ur/bukowy/LaViolette_Data/Prostates/1204/19
Num mris: 4
Num segs: 4
training values: tensor([0, 2, 4, 5, 6])
training values: tensor([0, 1, 2, 4, 5])
training values: tensor([0, 1, 2, 3, 4])
training values: tensor([0, 2, 5])
skipping /data/ur/bukowy/LaViolette_Data/Prostates/1129/8
skipping /data/ur/bukowy/LaViolette_Data/Prostates/1132/13
skipping /data/ur/bukowy/LaViolette_Data/Prostates/1191/9
skipping /data/ur/bukowy/LaViolette_Data/Prostates/1133/11
Num mris: 4
Num segs: 4
training values: tensor([0, 1, 2, 3, 4])
training values: tensor([0, 2, 4, 5, 6])
training values: tensor([0, 2, 6])
training values: tensor([0, 1, 2, 5])
skipping /data/ur/bukowy/LaViolette_Data/Prostates/1188/10
skipping /data/ur/bukowy/LaViolette_Data/Prostates/1149/8
Num mris: 6
Num segs: 6
training values: tensor([0, 1, 2])
training values: tensor([0, 1, 2, 3, 4])
training values: tensor([0, 2, 6])
training values: tensor([0, 2])
training values: tensor([0, 2, 4])
training values: tensor([0, 2, 3, 4, 5, 7])
skipping /data/ur/bukowy/LaViolette_Data/Prostates/1154/5
skipping /data/ur/bukowy/LaViolette_Data/Prostates/1136/13
skipping /data/ur/bukowy/LaViolette_Data/Prostates/1133/13
skipping /data/ur/bukowy/LaViolette_Data/Prostates/1152/12
skipping /data/ur/bukowy/LaViolette_Data/Prostates/1188/9
Num mris: 3
Num segs: 3
training values: tensor([0, 1, 2, 5, 6, 7])
training values: tensor([0, 1, 2, 4, 5])
training values: tensor([0, 2, 3, 4])
skipping /data/ur/bukowy/LaViolette_Data/Prostates/1133/10
skipping /data/ur/bukowy/LaViolette_Data/Prostates/1124/13
skipping /data/ur/bukowy/LaViolette_Data/Prostates/1111/9
skipping /data/ur/bukowy/LaViolette_Data/Prostates/1111/5
Num mris: 4
Num segs: 4
training values: tensor([0, 2])
training values: tensor([0, 2, 3, 4])
training values: tensor([0, 1])
training values: tensor([0, 1, 4, 5])
Epoch: [0]  [37/38]  eta: 0:00:00  loss: 0.2954 (0.4530)  learning_rate: 0.0010 (0.0010)  time: 0.1558  data: 0.0684  max mem: 3579
pixdim[1,2,3] should be non-zero; setting 0 dims to 1
Traceback (most recent call last):
  File "/opt/conda/lib/python3.6/runpy.py", line 193, in _run_module_as_main
    "__main__", mod_spec)
  File "/opt/conda/lib/python3.6/runpy.py", line 85, in _run_code
    exec(code, run_globals)
  File "/home/nelsonni/laviolette/segmenter/segm/train.py", line 323, in <module>
    main()
  File "/opt/conda/lib/python3.6/site-packages/click/core.py", line 829, in __call__
    return self.main(*args, **kwargs)
  File "/opt/conda/lib/python3.6/site-packages/click/core.py", line 782, in main
    rv = self.invoke(ctx)
  File "/opt/conda/lib/python3.6/site-packages/click/core.py", line 1066, in invoke
    return ctx.invoke(self.callback, **ctx.params)
  File "/opt/conda/lib/python3.6/site-packages/click/core.py", line 610, in invoke
    return callback(*args, **kwargs)
  File "/home/nelsonni/laviolette/segmenter/segm/train.py", line 291, in main
    amp_autocast,
  File "/home/nelsonni/.local/lib/python3.6/site-packages/torch/autograd/grad_mode.py", line 28, in decorate_context
    return func(*args, **kwargs)
  File "/home/nelsonni/laviolette/segmenter/segm/engine.py", line 119, in evaluate
    print(f'pred values: {torch.unique(seg_pred)}')
  File "/home/nelsonni/.local/lib/python3.6/site-packages/torch/_jit_internal.py", line 422, in fn
    return if_false(*args, **kwargs)
  File "/home/nelsonni/.local/lib/python3.6/site-packages/torch/_jit_internal.py", line 422, in fn
    return if_false(*args, **kwargs)
  File "/home/nelsonni/.local/lib/python3.6/site-packages/torch/functional.py", line 821, in _return_output
    output, _, _ = _unique_impl(input, sorted, return_inverse, return_counts, dim)
  File "/home/nelsonni/.local/lib/python3.6/site-packages/torch/functional.py", line 739, in _unique_impl
    return_counts=return_counts,
TypeError: _unique2(): argument 'input' (position 1) must be Tensor, not numpy.ndarray
Epoch: [0] Total time: 0:00:06 (0.1654 s / it)
Num mris: 1
Num segs: 1
HERE
torch.Size([512, 512])
