MOFED version '4.9-2.2.6' not available in this container.
No matching alternate version found.
/home/nelsonni/.local/lib/python3.6/site-packages/torch/nn/functional.py:3635: UserWarning: Default upsampling behavior when mode=bilinear is changed to align_corners=False since 0.4.0. Please specify align_corners=True if the old behavior is desired. See the documentation of nn.Upsample for details.
  "See the documentation of nn.Upsample for details.".format(mode)
Traceback (most recent call last):
  File "/opt/conda/lib/python3.6/runpy.py", line 193, in _run_module_as_main
    "__main__", mod_spec)
  File "/opt/conda/lib/python3.6/runpy.py", line 85, in _run_code
    exec(code, run_globals)
  File "/home/nelsonni/laviolette/segmenter/segm/evaluate.py", line 218, in <module>
    main()
  File "/opt/conda/lib/python3.6/site-packages/click/core.py", line 829, in __call__
    return self.main(*args, **kwargs)
  File "/opt/conda/lib/python3.6/site-packages/click/core.py", line 782, in main
    rv = self.invoke(ctx)
  File "/opt/conda/lib/python3.6/site-packages/click/core.py", line 1066, in invoke
    return ctx.invoke(self.callback, **ctx.params)
  File "/opt/conda/lib/python3.6/site-packages/click/core.py", line 610, in invoke
    return callback(*args, **kwargs)
  File "/home/nelsonni/laviolette/segmenter/segm/evaluate.py", line 170, in main
    batch_size=1,
  File "/home/nelsonni/laviolette/segmenter/segm/model/utils.py", line 351, in inference
    seg_maps[i : i + WB] = model.forward(crops[i : i + WB])
  File "/home/nelsonni/laviolette/segmenter/segm/model/segmenter.py", line 37, in forward
    x = self.encoder(im, return_features=True)
  File "/home/nelsonni/.local/lib/python3.6/site-packages/torch/nn/modules/module.py", line 1102, in _call_impl
    return forward_call(*input, **kwargs)
  File "/home/nelsonni/laviolette/segmenter/segm/model/vit.py", line 112, in forward
    x = self.patch_embed(im)
  File "/home/nelsonni/.local/lib/python3.6/site-packages/torch/nn/modules/module.py", line 1102, in _call_impl
    return forward_call(*input, **kwargs)
  File "/home/nelsonni/laviolette/segmenter/segm/model/vit.py", line 34, in forward
    x = self.proj(im).flatten(2).transpose(1, 2)
  File "/home/nelsonni/.local/lib/python3.6/site-packages/torch/nn/modules/module.py", line 1102, in _call_impl
    return forward_call(*input, **kwargs)
  File "/home/nelsonni/.local/lib/python3.6/site-packages/torch/nn/modules/conv.py", line 446, in forward
    return self._conv_forward(input, self.weight, self.bias)
  File "/home/nelsonni/.local/lib/python3.6/site-packages/torch/nn/modules/conv.py", line 443, in _conv_forward
    self.padding, self.dilation, self.groups)
RuntimeError: Given groups=1, weight of size [192, 3, 16, 16], expected input[1, 1, 512, 512] to have 3 channels, but got 1 channels instead
seg_tiny_mask_balanced/checkpoint.pth
Skipping /data/ur/bukowy/LaViolette_Data/Prostates/1102/8
'NoneType' object has no attribute 'shape'
Skipping /data/ur/bukowy/LaViolette_Data/Prostates/1102/MRI
'NoneType' object has no attribute 'shape'
Skipping /data/ur/bukowy/LaViolette_Data/Prostates/1152/11
'NoneType' object has no attribute 'shape'
Skipping /data/ur/bukowy/LaViolette_Data/Prostates/1152/12
'NoneType' object has no attribute 'shape'
Skipping /data/ur/bukowy/LaViolette_Data/Prostates/1152/13
'NoneType' object has no attribute 'shape'
Skipping /data/ur/bukowy/LaViolette_Data/Prostates/1152/5
'NoneType' object has no attribute 'shape'
Skipping /data/ur/bukowy/LaViolette_Data/Prostates/1152/8
'NoneType' object has no attribute 'shape'
Skipping /data/ur/bukowy/LaViolette_Data/Prostates/1152/9
'NoneType' object has no attribute 'shape'
Skipping /data/ur/bukowy/LaViolette_Data/Prostates/1152/MRI
'NoneType' object has no attribute 'shape'
Skipping /data/ur/bukowy/LaViolette_Data/Prostates/1190/14
'NoneType' object has no attribute 'shape'
Skipping /data/ur/bukowy/LaViolette_Data/Prostates/1190/15
'NoneType' object has no attribute 'shape'
Skipping /data/ur/bukowy/LaViolette_Data/Prostates/1190/16
'NoneType' object has no attribute 'shape'
Skipping /data/ur/bukowy/LaViolette_Data/Prostates/1190/9
'NoneType' object has no attribute 'shape'
Skipping /data/ur/bukowy/LaViolette_Data/Prostates/1190/MRI
'NoneType' object has no attribute 'shape'
Skipping /data/ur/bukowy/LaViolette_Data/Prostates/1133/10
'NoneType' object has no attribute 'shape'
Skipping /data/ur/bukowy/LaViolette_Data/Prostates/1133/11
'NoneType' object has no attribute 'shape'
Skipping /data/ur/bukowy/LaViolette_Data/Prostates/1133/12
'NoneType' object has no attribute 'shape'
Skipping /data/ur/bukowy/LaViolette_Data/Prostates/1133/13
'NoneType' object has no attribute 'shape'
Skipping /data/ur/bukowy/LaViolette_Data/Prostates/1133/9
'NoneType' object has no attribute 'shape'
Skipping /data/ur/bukowy/LaViolette_Data/Prostates/1133/MRI
'NoneType' object has no attribute 'shape'
Skipping /data/ur/bukowy/LaViolette_Data/Prostates/1106/8
'NoneType' object has no attribute 'shape'
Skipping /data/ur/bukowy/LaViolette_Data/Prostates/1106/MRI
'NoneType' object has no attribute 'shape'
Skipping /data/ur/bukowy/LaViolette_Data/Prostates/1121/6
'NoneType' object has no attribute 'shape'
Skipping /data/ur/bukowy/LaViolette_Data/Prostates/1121/MRI
'NoneType' object has no attribute 'shape'
torch.Size([512, 512])
